Using pre-set license
Built from '2022.3/release' branch; Version is '2022.3.12f1 (4fe6e059c7ef) revision 5236448'; Using compiler version '192829333'; Build Type 'Release'
OS: 'Windows 10  (10.0.19044) 64bit Professional' Language: 'ru' Physical Memory: 15713 MB
BatchMode: 1, IsHumanControllingUs: 0, StartBugReporterOnCrash: 0, Is64bit: 1, IsPro: 1

COMMAND LINE ARGUMENTS:
C:\Среды разработок\Юнити\Unity 2022.3.12f1\Editor\Unity.exe
-adb2
-batchMode
-noUpm
-name
AssetImportWorker2
-projectPath
C:/Users/User/Documents/GitHub/GameJamMISIS-10.11.2023/Hakaton2
-logFile
Logs/AssetImportWorker2.log
-srvPort
52207
Successfully changed project path to: C:/Users/User/Documents/GitHub/GameJamMISIS-10.11.2023/Hakaton2
C:/Users/User/Documents/GitHub/GameJamMISIS-10.11.2023/Hakaton2
[UnityMemory] Configuration Parameters - Can be set up in boot.config
    "memorysetup-bucket-allocator-granularity=16"
    "memorysetup-bucket-allocator-bucket-count=8"
    "memorysetup-bucket-allocator-block-size=33554432"
    "memorysetup-bucket-allocator-block-count=8"
    "memorysetup-main-allocator-block-size=16777216"
    "memorysetup-thread-allocator-block-size=16777216"
    "memorysetup-gfx-main-allocator-block-size=16777216"
    "memorysetup-gfx-thread-allocator-block-size=16777216"
    "memorysetup-cache-allocator-block-size=4194304"
    "memorysetup-typetree-allocator-block-size=2097152"
    "memorysetup-profiler-bucket-allocator-granularity=16"
    "memorysetup-profiler-bucket-allocator-bucket-count=8"
    "memorysetup-profiler-bucket-allocator-block-size=33554432"
    "memorysetup-profiler-bucket-allocator-block-count=8"
    "memorysetup-profiler-allocator-block-size=16777216"
    "memorysetup-profiler-editor-allocator-block-size=1048576"
    "memorysetup-temp-allocator-size-main=16777216"
    "memorysetup-job-temp-allocator-block-size=2097152"
    "memorysetup-job-temp-allocator-block-size-background=1048576"
    "memorysetup-job-temp-allocator-reduction-small-platforms=262144"
    "memorysetup-allocator-temp-initial-block-size-main=262144"
    "memorysetup-allocator-temp-initial-block-size-worker=262144"
    "memorysetup-temp-allocator-size-background-worker=32768"
    "memorysetup-temp-allocator-size-job-worker=262144"
    "memorysetup-temp-allocator-size-preload-manager=33554432"
    "memorysetup-temp-allocator-size-nav-mesh-worker=65536"
    "memorysetup-temp-allocator-size-audio-worker=65536"
    "memorysetup-temp-allocator-size-cloud-worker=32768"
    "memorysetup-temp-allocator-size-gi-baking-worker=262144"
    "memorysetup-temp-allocator-size-gfx=262144"
Player connection [17008] Host "[IP] 10.51.3.65 [Port] 0 [Flags] 2 [Guid] 3303847895 [EditorId] 3303847895 [Version] 1048832 [Id] WindowsEditor(7,WIN-HO4L0B56MC1) [Debug] 1 [PackageName] WindowsEditor [ProjectName] Editor" joined multi-casting on [225.0.0.222:54997]...

Player connection [17008] Host "[IP] 10.51.3.65 [Port] 0 [Flags] 2 [Guid] 3303847895 [EditorId] 3303847895 [Version] 1048832 [Id] WindowsEditor(7,WIN-HO4L0B56MC1) [Debug] 1 [PackageName] WindowsEditor [ProjectName] Editor" joined alternative multi-casting on [225.0.0.222:34997]...

[Physics::Module] Initialized MultithreadedJobDispatcher with 11 workers.
Refreshing native plugins compatible for Editor in 6.13 ms, found 3 plugins.
Preloading 0 native plugins for Editor in 0.00 ms.
Initialize engine version: 2022.3.12f1 (4fe6e059c7ef)
[Subsystems] Discovering subsystems at path C:/Среды разработок/Юнити/Unity 2022.3.12f1/Editor/Data/Resources/UnitySubsystems
[Subsystems] Discovering subsystems at path C:/Users/User/Documents/GitHub/GameJamMISIS-10.11.2023/Hakaton2/Assets
GfxDevice: creating device client; threaded=0; jobified=0
Direct3D:
    Version:  Direct3D 11.0 [level 11.1]
    Renderer: NVIDIA GeForce RTX 3050 Ti Laptop GPU (ID=0x25a0)
    Vendor:   NVIDIA
    VRAM:     3976 MB
    Driver:   31.0.15.3742
Initialize mono
Mono path[0] = 'C:/Среды разработок/Юнити/Unity 2022.3.12f1/Editor/Data/Managed'
Mono path[1] = 'C:/Среды разработок/Юнити/Unity 2022.3.12f1/Editor/Data/MonoBleedingEdge/lib/mono/unityjit-win32'
Mono config path = 'C:/Среды разработок/Юнити/Unity 2022.3.12f1/Editor/Data/MonoBleedingEdge/etc'
Using monoOptions --debugger-agent=transport=dt_socket,embedding=1,server=y,suspend=n,address=127.0.0.1:56956
Begin MonoManager ReloadAssembly
Registering precompiled unity dll's ...
Register platform support module: C:/Среды разработок/Юнити/Unity 2022.3.12f1/Editor/Data/PlaybackEngines/WindowsStandaloneSupport/UnityEditor.WindowsStandalone.Extensions.dll
Registered in 0.004131 seconds.
- Loaded All Assemblies, in  0.263 seconds
Native extension for WindowsStandalone target not found
Mono: successfully reloaded assembly
- Finished resetting the current domain, in  0.201 seconds
Domain Reload Profiling: 464ms
	BeginReloadAssembly (83ms)
		ExecutionOrderSort (0ms)
		DisableScriptedObjects (0ms)
		BackupInstance (0ms)
		ReleaseScriptingObjects (0ms)
		CreateAndSetChildDomain (1ms)
	RebuildCommonClasses (26ms)
	RebuildNativeTypeToScriptingClass (8ms)
	initialDomainReloadingComplete (43ms)
	LoadAllAssembliesAndSetupDomain (102ms)
		LoadAssemblies (82ms)
		RebuildTransferFunctionScriptingTraits (0ms)
		AnalyzeDomain (100ms)
			TypeCache.Refresh (99ms)
				TypeCache.ScanAssembly (90ms)
			ScanForSourceGeneratedMonoScriptInfo (0ms)
			ResolveRequiredComponents (0ms)
	FinalizeReload (201ms)
		ReleaseScriptCaches (0ms)
		RebuildScriptCaches (0ms)
		SetupLoadedEditorAssemblies (155ms)
			LogAssemblyErrors (0ms)
			InitializePlatformSupportModulesInManaged (7ms)
			SetLoadedEditorAssemblies (6ms)
			RefreshPlugins (0ms)
			BeforeProcessingInitializeOnLoad (2ms)
			ProcessInitializeOnLoadAttributes (102ms)
			ProcessInitializeOnLoadMethodAttributes (38ms)
			AfterProcessingInitializeOnLoad (0ms)
			EditorAssembliesLoaded (0ms)
		ExecutionOrderSort2 (0ms)
		AwakeInstancesAfterBackupRestoration (0ms)
========================================================================
Worker process is ready to serve import requests
Begin MonoManager ReloadAssembly
- Loaded All Assemblies, in  0.445 seconds
Refreshing native plugins compatible for Editor in 1.87 ms, found 3 plugins.
Native extension for WindowsStandalone target not found
Package Manager log level set to [2]
[Package Manager] Server::EnsureServerProcessIsRunning -- launch failed, reason: Unity was launched with the -noUpm command-line argument
[Package Manager] UpmClient::Send -- Unable to send message (not connected to UPM process).
[Package Manager] Cannot connect to Unity Package Manager local server
Mono: successfully reloaded assembly
- Finished resetting the current domain, in  0.423 seconds
Domain Reload Profiling: 868ms
	BeginReloadAssembly (112ms)
		ExecutionOrderSort (0ms)
		DisableScriptedObjects (5ms)
		BackupInstance (0ms)
		ReleaseScriptingObjects (0ms)
		CreateAndSetChildDomain (18ms)
	RebuildCommonClasses (26ms)
	RebuildNativeTypeToScriptingClass (8ms)
	initialDomainReloadingComplete (32ms)
	LoadAllAssembliesAndSetupDomain (265ms)
		LoadAssemblies (198ms)
		RebuildTransferFunctionScriptingTraits (0ms)
		AnalyzeDomain (130ms)
			TypeCache.Refresh (115ms)
				TypeCache.ScanAssembly (105ms)
			ScanForSourceGeneratedMonoScriptInfo (10ms)
			ResolveRequiredComponents (3ms)
	FinalizeReload (423ms)
		ReleaseScriptCaches (0ms)
		RebuildScriptCaches (0ms)
		SetupLoadedEditorAssemblies (310ms)
			LogAssemblyErrors (0ms)
			InitializePlatformSupportModulesInManaged (4ms)
			SetLoadedEditorAssemblies (3ms)
			RefreshPlugins (0ms)
			BeforeProcessingInitializeOnLoad (47ms)
			ProcessInitializeOnLoadAttributes (233ms)
			ProcessInitializeOnLoadMethodAttributes (19ms)
			AfterProcessingInitializeOnLoad (4ms)
			EditorAssembliesLoaded (0ms)
		ExecutionOrderSort2 (0ms)
		AwakeInstancesAfterBackupRestoration (5ms)
Launched and connected shader compiler UnityShaderCompiler.exe after 0.03 seconds
Refreshing native plugins compatible for Editor in 1.93 ms, found 3 plugins.
Preloading 0 native plugins for Editor in 0.00 ms.
Unloading 3083 Unused Serialized files (Serialized files now loaded: 0)
Unloading 32 unused Assets / (57.2 KB). Loaded Objects now: 3555.
Memory consumption went from 126.1 MB to 126.0 MB.
Total: 2.365300 ms (FindLiveObjects: 0.184600 ms CreateObjectMapping: 0.086600 ms MarkObjects: 2.002000 ms  DeleteObjects: 0.091000 ms)

AssetImportParameters requested are different than current active one (requested -> active):
  custom:container-demuxer-ogg: 62fdf1f143b41e24485cea50d1cbac27 -> 
  custom:video-decoder-ogg-theora: a1e56fd34408186e4bbccfd4996cb3dc -> 
  custom:framework-win-MediaFoundation: 216162199b28c13a410421893ffa2e32 -> 
  custom:CustomObjectIndexerAttribute: 756ad292c208cfabdd7b50bc23989ffe -> 
  custom:container-demuxer-webm: 4f35f7cbe854078d1ac9338744f61a02 -> 
  custom:container-muxer-webm: aa71ff27fc2769a1b78a27578f13a17b -> 
  custom:video-decoder-webm-vp8: 9c59270c3fd7afecdb556c50c9e8de78 -> 
  custom:SearchIndexIgnoredProperties: e643bd26f0fe6173181afceb89e7c659 -> 
  custom:AudioImporter_EditorPlatform: d09bf68614088b80899f8185d706f6e7 -> 
  custom:video-encoder-webm-vp8: eb34c28f22e8b96e1ab97ce403110664 -> 
  custom:audio-decoder-ogg-vorbis: bf7c407c2cedff20999df2af8eb42d56 -> 
  custom:audio-encoder-webm-vorbis: bf7c407c2cedff20999df2af8eb42d56 -> 
========================================================================
Received Import Request.
  Time since last request: 74826.603864 seconds.
  path: Assets/Office Supplies Low Poly/Assets/Materials/Office Supplies Low Poly Shared Material.mat
  artifactKey: Guid(9a831dc5c32c94bc7bb4c555bffe1950) Importer(815301076,1909f56bfc062723c751e8b465ee728b)
Start importing Assets/Office Supplies Low Poly/Assets/Materials/Office Supplies Low Poly Shared Material.mat using Guid(9a831dc5c32c94bc7bb4c555bffe1950) Importer(815301076,1909f56bfc062723c751e8b465ee728b)  -> (artifact id: 'db4d185549472558f5949599ebe4bdbf') in 0.089996 seconds
Number of updated asset objects reloaded before import = 0
Number of asset objects unloaded after import = 2
========================================================================
Received Import Request.
  Time since last request: 2.476627 seconds.
  path: Assets/Office Supplies Low Poly/Assets/Prefabs/Calculator.prefab
  artifactKey: Guid(4bc48771517f84804bfe1e21d8bbdbe5) Importer(815301076,1909f56bfc062723c751e8b465ee728b)
Start importing Assets/Office Supplies Low Poly/Assets/Prefabs/Calculator.prefab using Guid(4bc48771517f84804bfe1e21d8bbdbe5) Importer(815301076,1909f56bfc062723c751e8b465ee728b)  -> (artifact id: '6a12489c29bc326a721db2d14678f166') in 0.019781 seconds
Number of updated asset objects reloaded before import = 0
Number of asset objects unloaded after import = 9
========================================================================
Received Import Request.
  Time since last request: 0.000012 seconds.
  path: Assets/Office Supplies Low Poly/Assets/Prefabs/Sticky_note_blue.prefab
  artifactKey: Guid(ef6b5ec84fe6f416099333b23f6f201d) Importer(815301076,1909f56bfc062723c751e8b465ee728b)
Start importing Assets/Office Supplies Low Poly/Assets/Prefabs/Sticky_note_blue.prefab using Guid(ef6b5ec84fe6f416099333b23f6f201d) Importer(815301076,1909f56bfc062723c751e8b465ee728b)  -> (artifact id: '3ec51dd674ef586e99a83460b0aef08f') in 0.011436 seconds
Number of updated asset objects reloaded before import = 0
Number of asset objects unloaded after import = 9
========================================================================
Received Import Request.
  Time since last request: 0.000011 seconds.
  path: Assets/Office Supplies Low Poly/Assets/Prefabs/Pencil sharpener large.prefab
  artifactKey: Guid(9c0c4382708774729b07ab6af5f87162) Importer(815301076,1909f56bfc062723c751e8b465ee728b)
Start importing Assets/Office Supplies Low Poly/Assets/Prefabs/Pencil sharpener large.prefab using Guid(9c0c4382708774729b07ab6af5f87162) Importer(815301076,1909f56bfc062723c751e8b465ee728b)  -> (artifact id: '11e53613be0e6cf988400d693f6705c2') in 0.064945 seconds
Number of updated asset objects reloaded before import = 0
Number of asset objects unloaded after import = 21
========================================================================
Received Import Request.
  Time since last request: 0.000013 seconds.
  path: Assets/Office Supplies Low Poly/Assets/Prefabs/Stapler_blue.prefab
  artifactKey: Guid(dcf95e79ad6374967a2db77e1bd6f67a) Importer(815301076,1909f56bfc062723c751e8b465ee728b)
Start importing Assets/Office Supplies Low Poly/Assets/Prefabs/Stapler_blue.prefab using Guid(dcf95e79ad6374967a2db77e1bd6f67a) Importer(815301076,1909f56bfc062723c751e8b465ee728b)  -> (artifact id: '41c8d81d19fbe49c10cb7a6d4f8a0817') in 0.050583 seconds
Number of updated asset objects reloaded before import = 0
Number of asset objects unloaded after import = 9
========================================================================
Received Import Request.
  Time since last request: 0.000013 seconds.
  path: Assets/Office Supplies Low Poly/Assets/Prefabs/Legal_pad.prefab
  artifactKey: Guid(b20b5222bdd4e455fbef4fbcce87d19c) Importer(815301076,1909f56bfc062723c751e8b465ee728b)
Start importing Assets/Office Supplies Low Poly/Assets/Prefabs/Legal_pad.prefab using Guid(b20b5222bdd4e455fbef4fbcce87d19c) Importer(815301076,1909f56bfc062723c751e8b465ee728b)  -> (artifact id: '161aae07f4035ee0c9b2798aa428c1c7') in 0.041829 seconds
Number of updated asset objects reloaded before import = 0
Number of asset objects unloaded after import = 9
========================================================================
Received Import Request.
  Time since last request: 0.000014 seconds.
  path: Assets/Office Supplies Low Poly/Assets/Prefabs/Pen blue.prefab
  artifactKey: Guid(a85ac51e8240148b590aefe2dcd253f6) Importer(815301076,1909f56bfc062723c751e8b465ee728b)
Start importing Assets/Office Supplies Low Poly/Assets/Prefabs/Pen blue.prefab using Guid(a85ac51e8240148b590aefe2dcd253f6) Importer(815301076,1909f56bfc062723c751e8b465ee728b)  -> (artifact id: '8d76a384fc23c3c826c1561e0eccf374') in 0.009122 seconds
Number of updated asset objects reloaded before import = 0
Number of asset objects unloaded after import = 16
========================================================================
Received Import Request.
  Time since last request: 0.000023 seconds.
  path: Assets/Office Supplies Low Poly/Assets/Prefabs/Sticky_note_yellow.prefab
  artifactKey: Guid(7b826cb88be1748c79a6a04afd305729) Importer(815301076,1909f56bfc062723c751e8b465ee728b)
Start importing Assets/Office Supplies Low Poly/Assets/Prefabs/Sticky_note_yellow.prefab using Guid(7b826cb88be1748c79a6a04afd305729) Importer(815301076,1909f56bfc062723c751e8b465ee728b)  -> (artifact id: '5e49cf86ff6ef258e5ce0a31d60461ab') in 0.006978 seconds
Number of updated asset objects reloaded before import = 0
Number of asset objects unloaded after import = 9
========================================================================
Received Import Request.
  Time since last request: 0.000013 seconds.
  path: Assets/Office Supplies Low Poly/Assets/Prefabs/Highlighter pen yellow.prefab
  artifactKey: Guid(8a6bf0c92a7154d62bb76dc5e101e0de) Importer(815301076,1909f56bfc062723c751e8b465ee728b)
Start importing Assets/Office Supplies Low Poly/Assets/Prefabs/Highlighter pen yellow.prefab using Guid(8a6bf0c92a7154d62bb76dc5e101e0de) Importer(815301076,1909f56bfc062723c751e8b465ee728b)  -> (artifact id: '71a9038484f27a128fb1d4a81d31505f') in 0.029225 seconds
Number of updated asset objects reloaded before import = 0
Number of asset objects unloaded after import = 16
========================================================================
Received Import Request.
  Time since last request: 13.985426 seconds.
  path: Assets/Office Supplies Low Poly/Assets/Sample scene/Office Supplies Low Poly Sample Scene Background Material.mat
  artifactKey: Guid(b67f4a4b353f749b998216953ffe7128) Importer(815301076,1909f56bfc062723c751e8b465ee728b)
Start importing Assets/Office Supplies Low Poly/Assets/Sample scene/Office Supplies Low Poly Sample Scene Background Material.mat using Guid(b67f4a4b353f749b998216953ffe7128) Importer(815301076,1909f56bfc062723c751e8b465ee728b)  -> (artifact id: 'ecb010fd2cf7cd9f1923b6f00b4e337a') in 0.005511 seconds
Number of updated asset objects reloaded before import = 0
Number of asset objects unloaded after import = 1
========================================================================
Received Import Request.
  Time since last request: 136.777690 seconds.
  path: Assets/Office Supplies Low Poly/Assets/Prefabs/Pencil red.prefab
  artifactKey: Guid(c9839eba1bd794ae68f9cfae147fd22d) Importer(815301076,1909f56bfc062723c751e8b465ee728b)
Start importing Assets/Office Supplies Low Poly/Assets/Prefabs/Pencil red.prefab using Guid(c9839eba1bd794ae68f9cfae147fd22d) Importer(815301076,1909f56bfc062723c751e8b465ee728b)  -> (artifact id: '954b13725acbc968054f9840efedc2ae') in 0.001744 seconds
Number of updated asset objects reloaded before import = 0
Number of asset objects unloaded after import = 6
========================================================================
Received Import Request.
  Time since last request: 1.261841 seconds.
  path: Assets/Office Supplies Low Poly/Assets/Textures/Office Supplies Low Poly Shared Texture.png
  artifactKey: Guid(ceac69e7a89a0406b9cc8306168f4932) Importer(815301076,1909f56bfc062723c751e8b465ee728b)
Start importing Assets/Office Supplies Low Poly/Assets/Textures/Office Supplies Low Poly Shared Texture.png using Guid(ceac69e7a89a0406b9cc8306168f4932) Importer(815301076,1909f56bfc062723c751e8b465ee728b)  -> (artifact id: 'ccf09c924efd47f458e13ff520407f8c') in 0.016407 seconds
Number of updated asset objects reloaded before import = 0
Number of asset objects unloaded after import = 2
========================================================================
Received Import Request.
  Time since last request: 232.001300 seconds.
  path: Assets/Scenes/Scenes/Location_4.unity
  artifactKey: Guid(535d2d282de01f544b0d5b37d47ff11d) Importer(815301076,1909f56bfc062723c751e8b465ee728b)
Start importing Assets/Scenes/Scenes/Location_4.unity using Guid(535d2d282de01f544b0d5b37d47ff11d) Importer(815301076,1909f56bfc062723c751e8b465ee728b)  -> (artifact id: '8efbf187ad8b482bf191cccf52787c00') in 0.000642 seconds
Number of updated asset objects reloaded before import = 0
Number of asset objects unloaded after import = 0
