Using pre-set license
Built from '2022.3/release' branch; Version is '2022.3.12f1 (4fe6e059c7ef) revision 5236448'; Using compiler version '192829333'; Build Type 'Release'
OS: 'Windows 10  (10.0.19044) 64bit Professional' Language: 'ru' Physical Memory: 15713 MB
BatchMode: 1, IsHumanControllingUs: 0, StartBugReporterOnCrash: 0, Is64bit: 1, IsPro: 1

COMMAND LINE ARGUMENTS:
C:\Среды разработок\Юнити\Unity 2022.3.12f1\Editor\Unity.exe
-adb2
-batchMode
-noUpm
-name
AssetImportWorker4
-projectPath
C:/Users/User/Desktop/My_Games/Hakatoon2/Hakaton2
-logFile
Logs/AssetImportWorker4.log
-srvPort
51006
Successfully changed project path to: C:/Users/User/Desktop/My_Games/Hakatoon2/Hakaton2
C:/Users/User/Desktop/My_Games/Hakatoon2/Hakaton2
[UnityMemory] Configuration Parameters - Can be set up in boot.config
    "memorysetup-bucket-allocator-granularity=16"
    "memorysetup-bucket-allocator-bucket-count=8"
    "memorysetup-bucket-allocator-block-size=33554432"
    "memorysetup-bucket-allocator-block-count=8"
    "memorysetup-main-allocator-block-size=16777216"
    "memorysetup-thread-allocator-block-size=16777216"
    "memorysetup-gfx-main-allocator-block-size=16777216"
    "memorysetup-gfx-thread-allocator-block-size=16777216"
    "memorysetup-cache-allocator-block-size=4194304"
    "memorysetup-typetree-allocator-block-size=2097152"
    "memorysetup-profiler-bucket-allocator-granularity=16"
    "memorysetup-profiler-bucket-allocator-bucket-count=8"
    "memorysetup-profiler-bucket-allocator-block-size=33554432"
    "memorysetup-profiler-bucket-allocator-block-count=8"
    "memorysetup-profiler-allocator-block-size=16777216"
    "memorysetup-profiler-editor-allocator-block-size=1048576"
    "memorysetup-temp-allocator-size-main=16777216"
    "memorysetup-job-temp-allocator-block-size=2097152"
    "memorysetup-job-temp-allocator-block-size-background=1048576"
    "memorysetup-job-temp-allocator-reduction-small-platforms=262144"
    "memorysetup-allocator-temp-initial-block-size-main=262144"
    "memorysetup-allocator-temp-initial-block-size-worker=262144"
    "memorysetup-temp-allocator-size-background-worker=32768"
    "memorysetup-temp-allocator-size-job-worker=262144"
    "memorysetup-temp-allocator-size-preload-manager=33554432"
    "memorysetup-temp-allocator-size-nav-mesh-worker=65536"
    "memorysetup-temp-allocator-size-audio-worker=65536"
    "memorysetup-temp-allocator-size-cloud-worker=32768"
    "memorysetup-temp-allocator-size-gi-baking-worker=262144"
    "memorysetup-temp-allocator-size-gfx=262144"
Player connection [3240] Host "[IP] 10.51.3.65 [Port] 0 [Flags] 2 [Guid] 2570091585 [EditorId] 2570091585 [Version] 1048832 [Id] WindowsEditor(7,WIN-HO4L0B56MC1) [Debug] 1 [PackageName] WindowsEditor [ProjectName] Editor" joined multi-casting on [225.0.0.222:54997]...

Player connection [3240] Host "[IP] 10.51.3.65 [Port] 0 [Flags] 2 [Guid] 2570091585 [EditorId] 2570091585 [Version] 1048832 [Id] WindowsEditor(7,WIN-HO4L0B56MC1) [Debug] 1 [PackageName] WindowsEditor [ProjectName] Editor" joined alternative multi-casting on [225.0.0.222:34997]...

[Physics::Module] Initialized MultithreadedJobDispatcher with 11 workers.
Refreshing native plugins compatible for Editor in 4.83 ms, found 3 plugins.
Preloading 0 native plugins for Editor in 0.00 ms.
Initialize engine version: 2022.3.12f1 (4fe6e059c7ef)
[Subsystems] Discovering subsystems at path C:/Среды разработок/Юнити/Unity 2022.3.12f1/Editor/Data/Resources/UnitySubsystems
[Subsystems] Discovering subsystems at path C:/Users/User/Desktop/My_Games/Hakatoon2/Hakaton2/Assets
GfxDevice: creating device client; threaded=0; jobified=0
Direct3D:
    Version:  Direct3D 11.0 [level 11.1]
    Renderer: NVIDIA GeForce RTX 3050 Ti Laptop GPU (ID=0x25a0)
    Vendor:   NVIDIA
    VRAM:     3976 MB
    Driver:   31.0.15.3742
Initialize mono
Mono path[0] = 'C:/Среды разработок/Юнити/Unity 2022.3.12f1/Editor/Data/Managed'
Mono path[1] = 'C:/Среды разработок/Юнити/Unity 2022.3.12f1/Editor/Data/MonoBleedingEdge/lib/mono/unityjit-win32'
Mono config path = 'C:/Среды разработок/Юнити/Unity 2022.3.12f1/Editor/Data/MonoBleedingEdge/etc'
Using monoOptions --debugger-agent=transport=dt_socket,embedding=1,server=y,suspend=n,address=127.0.0.1:56064
Begin MonoManager ReloadAssembly
Registering precompiled unity dll's ...
Register platform support module: C:/Среды разработок/Юнити/Unity 2022.3.12f1/Editor/Data/PlaybackEngines/WindowsStandaloneSupport/UnityEditor.WindowsStandalone.Extensions.dll
Registered in 0.004057 seconds.
- Loaded All Assemblies, in  0.256 seconds
Native extension for WindowsStandalone target not found
Mono: successfully reloaded assembly
- Finished resetting the current domain, in  0.208 seconds
Domain Reload Profiling: 463ms
	BeginReloadAssembly (78ms)
		ExecutionOrderSort (0ms)
		DisableScriptedObjects (0ms)
		BackupInstance (0ms)
		ReleaseScriptingObjects (0ms)
		CreateAndSetChildDomain (1ms)
	RebuildCommonClasses (26ms)
	RebuildNativeTypeToScriptingClass (8ms)
	initialDomainReloadingComplete (44ms)
	LoadAllAssembliesAndSetupDomain (99ms)
		LoadAssemblies (77ms)
		RebuildTransferFunctionScriptingTraits (0ms)
		AnalyzeDomain (97ms)
			TypeCache.Refresh (96ms)
				TypeCache.ScanAssembly (87ms)
			ScanForSourceGeneratedMonoScriptInfo (0ms)
			ResolveRequiredComponents (0ms)
	FinalizeReload (208ms)
		ReleaseScriptCaches (0ms)
		RebuildScriptCaches (0ms)
		SetupLoadedEditorAssemblies (161ms)
			LogAssemblyErrors (0ms)
			InitializePlatformSupportModulesInManaged (7ms)
			SetLoadedEditorAssemblies (6ms)
			RefreshPlugins (0ms)
			BeforeProcessingInitializeOnLoad (2ms)
			ProcessInitializeOnLoadAttributes (108ms)
			ProcessInitializeOnLoadMethodAttributes (38ms)
			AfterProcessingInitializeOnLoad (0ms)
			EditorAssembliesLoaded (0ms)
		ExecutionOrderSort2 (0ms)
		AwakeInstancesAfterBackupRestoration (0ms)
========================================================================
Worker process is ready to serve import requests
Begin MonoManager ReloadAssembly
- Loaded All Assemblies, in  0.436 seconds
Refreshing native plugins compatible for Editor in 1.90 ms, found 3 plugins.
Native extension for WindowsStandalone target not found
Package Manager log level set to [2]
[Package Manager] Server::EnsureServerProcessIsRunning -- launch failed, reason: Unity was launched with the -noUpm command-line argument
[Package Manager] UpmClient::Send -- Unable to send message (not connected to UPM process).
[Package Manager] Cannot connect to Unity Package Manager local server
Mono: successfully reloaded assembly
- Finished resetting the current domain, in  0.430 seconds
Domain Reload Profiling: 866ms
	BeginReloadAssembly (114ms)
		ExecutionOrderSort (0ms)
		DisableScriptedObjects (5ms)
		BackupInstance (0ms)
		ReleaseScriptingObjects (0ms)
		CreateAndSetChildDomain (18ms)
	RebuildCommonClasses (26ms)
	RebuildNativeTypeToScriptingClass (8ms)
	initialDomainReloadingComplete (33ms)
	LoadAllAssembliesAndSetupDomain (253ms)
		LoadAssemblies (192ms)
		RebuildTransferFunctionScriptingTraits (0ms)
		AnalyzeDomain (125ms)
			TypeCache.Refresh (111ms)
				TypeCache.ScanAssembly (101ms)
			ScanForSourceGeneratedMonoScriptInfo (10ms)
			ResolveRequiredComponents (3ms)
	FinalizeReload (431ms)
		ReleaseScriptCaches (0ms)
		RebuildScriptCaches (0ms)
		SetupLoadedEditorAssemblies (315ms)
			LogAssemblyErrors (0ms)
			InitializePlatformSupportModulesInManaged (4ms)
			SetLoadedEditorAssemblies (3ms)
			RefreshPlugins (0ms)
			BeforeProcessingInitializeOnLoad (48ms)
			ProcessInitializeOnLoadAttributes (234ms)
			ProcessInitializeOnLoadMethodAttributes (20ms)
			AfterProcessingInitializeOnLoad (4ms)
			EditorAssembliesLoaded (0ms)
		ExecutionOrderSort2 (0ms)
		AwakeInstancesAfterBackupRestoration (5ms)
Launched and connected shader compiler UnityShaderCompiler.exe after 0.03 seconds
Refreshing native plugins compatible for Editor in 1.88 ms, found 3 plugins.
Preloading 0 native plugins for Editor in 0.00 ms.
Unloading 3083 Unused Serialized files (Serialized files now loaded: 0)
Unloading 32 unused Assets / (57.1 KB). Loaded Objects now: 3555.
Memory consumption went from 125.9 MB to 125.8 MB.
Total: 2.403600 ms (FindLiveObjects: 0.194200 ms CreateObjectMapping: 0.086700 ms MarkObjects: 2.021200 ms  DeleteObjects: 0.100600 ms)

AssetImportParameters requested are different than current active one (requested -> active):
  custom:container-demuxer-ogg: 62fdf1f143b41e24485cea50d1cbac27 -> 
  custom:video-decoder-ogg-theora: a1e56fd34408186e4bbccfd4996cb3dc -> 
  custom:framework-win-MediaFoundation: 216162199b28c13a410421893ffa2e32 -> 
  custom:CustomObjectIndexerAttribute: 756ad292c208cfabdd7b50bc23989ffe -> 
  custom:container-demuxer-webm: 4f35f7cbe854078d1ac9338744f61a02 -> 
  custom:container-muxer-webm: aa71ff27fc2769a1b78a27578f13a17b -> 
  custom:video-decoder-webm-vp8: 9c59270c3fd7afecdb556c50c9e8de78 -> 
  custom:SearchIndexIgnoredProperties: e643bd26f0fe6173181afceb89e7c659 -> 
  custom:AudioImporter_EditorPlatform: d09bf68614088b80899f8185d706f6e7 -> 
  custom:video-encoder-webm-vp8: eb34c28f22e8b96e1ab97ce403110664 -> 
  custom:audio-decoder-ogg-vorbis: bf7c407c2cedff20999df2af8eb42d56 -> 
  custom:audio-encoder-webm-vorbis: bf7c407c2cedff20999df2af8eb42d56 -> 
========================================================================
Received Import Request.
  Time since last request: 57207.385584 seconds.
  path: Assets/MaximeBrunoni/CountryHouse/Prefabs/CountryHouse.prefab
  artifactKey: Guid(163099117d8b97a4bb83120a495b01f9) Importer(815301076,1909f56bfc062723c751e8b465ee728b)
Start importing Assets/MaximeBrunoni/CountryHouse/Prefabs/CountryHouse.prefab using Guid(163099117d8b97a4bb83120a495b01f9) Importer(815301076,1909f56bfc062723c751e8b465ee728b)  -> (artifact id: '9c8a64738efcaf9a215ffdcfdbc14610') in 0.085647 seconds
Number of updated asset objects reloaded before import = 0
Number of asset objects unloaded after import = 133
========================================================================
Received Import Request.
  Time since last request: 193.489376 seconds.
  path: Assets/MaximeBrunoni/CountryHouse/Art/Materials/Logo.mat
  artifactKey: Guid(66d2b32833bc98c498fe73a75d440141) Importer(815301076,1909f56bfc062723c751e8b465ee728b)
Start importing Assets/MaximeBrunoni/CountryHouse/Art/Materials/Logo.mat using Guid(66d2b32833bc98c498fe73a75d440141) Importer(815301076,1909f56bfc062723c751e8b465ee728b)  -> (artifact id: '8e5f8000b4adf14b39e3116f7cdf9ef3') in 0.041210 seconds
Number of updated asset objects reloaded before import = 0
Number of asset objects unloaded after import = 1
========================================================================
Received Import Request.
  Time since last request: 12.608206 seconds.
  path: Assets/MaximeBrunoni/CountryHouse/Documentation/documentation_CountryHouse.pdf
  artifactKey: Guid(a1fe06fbcdb2af1449606db6e3c4c22d) Importer(815301076,1909f56bfc062723c751e8b465ee728b)
Start importing Assets/MaximeBrunoni/CountryHouse/Documentation/documentation_CountryHouse.pdf using Guid(a1fe06fbcdb2af1449606db6e3c4c22d) Importer(815301076,1909f56bfc062723c751e8b465ee728b)  -> (artifact id: '3a8ad49bf563697c680c0f29cedafbb0') in 0.001047 seconds
Number of updated asset objects reloaded before import = 0
Number of asset objects unloaded after import = 1
========================================================================
Received Import Request.
  Time since last request: 10.131910 seconds.
  path: Assets/MaximeBrunoni/CountryHouse/Art/Materials/Pedestal.mat
  artifactKey: Guid(0d134cf337ef3b744977df689ad85048) Importer(815301076,1909f56bfc062723c751e8b465ee728b)
Start importing Assets/MaximeBrunoni/CountryHouse/Art/Materials/Pedestal.mat using Guid(0d134cf337ef3b744977df689ad85048) Importer(815301076,1909f56bfc062723c751e8b465ee728b)  -> (artifact id: '2202aa12cd19650d08fc91042b296635') in 0.007382 seconds
Number of updated asset objects reloaded before import = 0
Number of asset objects unloaded after import = 1
========================================================================
Received Import Request.
  Time since last request: 19.985252 seconds.
  path: Assets/MaximeBrunoni/CountryHouse/Art/Textures/CountryHouse/Bottom_House.mat
  artifactKey: Guid(0eff8bed387ff11488258125f7f355eb) Importer(815301076,1909f56bfc062723c751e8b465ee728b)
Start importing Assets/MaximeBrunoni/CountryHouse/Art/Textures/CountryHouse/Bottom_House.mat using Guid(0eff8bed387ff11488258125f7f355eb) Importer(815301076,1909f56bfc062723c751e8b465ee728b)  -> (artifact id: 'a7f2092c6d8990df9c77da7fb8b19b1f') in 0.015184 seconds
Number of updated asset objects reloaded before import = 0
Number of asset objects unloaded after import = 1
========================================================================
Received Import Request.
  Time since last request: 15.382073 seconds.
  path: Assets/MaximeBrunoni/CountryHouse/Art/Materials/Bottom_House.mat
  artifactKey: Guid(0eff8bed387ff11488258125f7f355eb) Importer(815301076,1909f56bfc062723c751e8b465ee728b)
Start importing Assets/MaximeBrunoni/CountryHouse/Art/Materials/Bottom_House.mat using Guid(0eff8bed387ff11488258125f7f355eb) Importer(815301076,1909f56bfc062723c751e8b465ee728b)  -> (artifact id: '149818d138f7301507922aefa3a247bf') in 0.060547 seconds
Number of updated asset objects reloaded before import = 0
Number of asset objects unloaded after import = 4
========================================================================
Received Import Request.
  Time since last request: 20.692222 seconds.
  path: Assets/MaximeBrunoni/CountryHouse/Art/Textures/CountryHouse/New Material.mat
  artifactKey: Guid(dff65c884359f77449d5ed68e6597cc3) Importer(815301076,1909f56bfc062723c751e8b465ee728b)
Start importing Assets/MaximeBrunoni/CountryHouse/Art/Textures/CountryHouse/New Material.mat using Guid(dff65c884359f77449d5ed68e6597cc3) Importer(815301076,1909f56bfc062723c751e8b465ee728b)  -> (artifact id: '138ca21067a7e902c1321ba4f593eff6') in 0.033428 seconds
Number of updated asset objects reloaded before import = 0
Number of asset objects unloaded after import = 1
========================================================================
Received Import Request.
  Time since last request: 16.030791 seconds.
  path: Assets/MaximeBrunoni/CountryHouse/Art/Textures/CountryHouse/Door.mat
  artifactKey: Guid(dff65c884359f77449d5ed68e6597cc3) Importer(815301076,1909f56bfc062723c751e8b465ee728b)
Start importing Assets/MaximeBrunoni/CountryHouse/Art/Textures/CountryHouse/Door.mat using Guid(dff65c884359f77449d5ed68e6597cc3) Importer(815301076,1909f56bfc062723c751e8b465ee728b)  -> (artifact id: 'c1a553b2f7463777986254f4e9d1ea82') in 0.014599 seconds
Number of updated asset objects reloaded before import = 0
Number of asset objects unloaded after import = 4
========================================================================
Received Import Request.
  Time since last request: 11.851815 seconds.
  path: Assets/MaximeBrunoni/CountryHouse/Art/Textures/CountryHouse/Door_house.mat
  artifactKey: Guid(dff65c884359f77449d5ed68e6597cc3) Importer(815301076,1909f56bfc062723c751e8b465ee728b)
Start importing Assets/MaximeBrunoni/CountryHouse/Art/Textures/CountryHouse/Door_house.mat using Guid(dff65c884359f77449d5ed68e6597cc3) Importer(815301076,1909f56bfc062723c751e8b465ee728b)  -> (artifact id: 'e94433b5273e99c6ce4ac49e5496682e') in 0.014258 seconds
Number of updated asset objects reloaded before import = 0
Number of asset objects unloaded after import = 4
========================================================================
Received Import Request.
  Time since last request: 84.135476 seconds.
  path: Assets/MaximeBrunoni/CountryHouse/Art/Textures/CountryHouse/Floaps_House.mat
  artifactKey: Guid(4d31163da58d95a4b9ecf7d8e773e8fa) Importer(815301076,1909f56bfc062723c751e8b465ee728b)
Start importing Assets/MaximeBrunoni/CountryHouse/Art/Textures/CountryHouse/Floaps_House.mat using Guid(4d31163da58d95a4b9ecf7d8e773e8fa) Importer(815301076,1909f56bfc062723c751e8b465ee728b)  -> (artifact id: 'ed362f1077e96e019b5243934ce8e1a6') in 0.012882 seconds
Number of updated asset objects reloaded before import = 0
Number of asset objects unloaded after import = 1
========================================================================
Received Import Request.
  Time since last request: 18.529542 seconds.
  path: Assets/MaximeBrunoni/CountryHouse/Art/Materials/Floaps_House.mat
  artifactKey: Guid(4d31163da58d95a4b9ecf7d8e773e8fa) Importer(815301076,1909f56bfc062723c751e8b465ee728b)
Start importing Assets/MaximeBrunoni/CountryHouse/Art/Materials/Floaps_House.mat using Guid(4d31163da58d95a4b9ecf7d8e773e8fa) Importer(815301076,1909f56bfc062723c751e8b465ee728b)  -> (artifact id: 'ce3d90320b301f967478dc6a272f3d42') in 0.020852 seconds
Number of updated asset objects reloaded before import = 0
Number of asset objects unloaded after import = 4
========================================================================
Received Import Request.
  Time since last request: 26.310582 seconds.
  path: Assets/MaximeBrunoni/CountryHouse/Art/Textures/CountryHouse/Top_House.mat
  artifactKey: Guid(cd3888bd4d0e59f428f966af5a995625) Importer(815301076,1909f56bfc062723c751e8b465ee728b)
Start importing Assets/MaximeBrunoni/CountryHouse/Art/Textures/CountryHouse/Top_House.mat using Guid(cd3888bd4d0e59f428f966af5a995625) Importer(815301076,1909f56bfc062723c751e8b465ee728b)  -> (artifact id: 'c41b3e0af37ab14e34072481e72dcec9') in 0.015127 seconds
Number of updated asset objects reloaded before import = 0
Number of asset objects unloaded after import = 1
========================================================================
Received Import Request.
  Time since last request: 69.620271 seconds.
  path: Assets/MaximeBrunoni/CountryHouse/Art/Materials/Top_House.mat
  artifactKey: Guid(cd3888bd4d0e59f428f966af5a995625) Importer(815301076,1909f56bfc062723c751e8b465ee728b)
Start importing Assets/MaximeBrunoni/CountryHouse/Art/Materials/Top_House.mat using Guid(cd3888bd4d0e59f428f966af5a995625) Importer(815301076,1909f56bfc062723c751e8b465ee728b)  -> (artifact id: '27b3c2eafd38befe3ee66b4fae3bee68') in 0.036669 seconds
Number of updated asset objects reloaded before import = 0
Number of asset objects unloaded after import = 4
========================================================================
Received Import Request.
  Time since last request: 411.016028 seconds.
  path: Assets/PrefabForest/Fantasy Forest Environment Free Sample/Meshes/Prefabs
  artifactKey: Guid(9c7916be32b4831459e123e056137170) Importer(815301076,1909f56bfc062723c751e8b465ee728b)
Start importing Assets/PrefabForest/Fantasy Forest Environment Free Sample/Meshes/Prefabs using Guid(9c7916be32b4831459e123e056137170) Importer(815301076,1909f56bfc062723c751e8b465ee728b)  -> (artifact id: '693d409db3c06d024135a29835bab320') in 0.000869 seconds
Number of updated asset objects reloaded before import = 0
Number of asset objects unloaded after import = 0
========================================================================
Received Import Request.
  Time since last request: 0.084228 seconds.
  path: Assets/PrefabForest/Fantasy Forest Environment Free Sample/Meshes/Prefabs/grass01.prefab
  artifactKey: Guid(b48086d9f175aa34b947a21c8056c3d2) Importer(815301076,1909f56bfc062723c751e8b465ee728b)
Start importing Assets/PrefabForest/Fantasy Forest Environment Free Sample/Meshes/Prefabs/grass01.prefab using Guid(b48086d9f175aa34b947a21c8056c3d2) Importer(815301076,1909f56bfc062723c751e8b465ee728b)  -> (artifact id: '8f8ac458c6b64130e563d742abcb2975') in 0.008319 seconds
Number of updated asset objects reloaded before import = 0
Number of asset objects unloaded after import = 9
========================================================================
Received Import Request.
  Time since last request: 6.901570 seconds.
  path: Assets/PrefabForest/Fantasy Forest Environment Free Sample/Meshes/Source/grass01.FBX
  artifactKey: Guid(4de33cfabd2a0a64caa7f20596f00adf) Importer(815301076,1909f56bfc062723c751e8b465ee728b)
Start importing Assets/PrefabForest/Fantasy Forest Environment Free Sample/Meshes/Source/grass01.FBX using Guid(4de33cfabd2a0a64caa7f20596f00adf) Importer(815301076,1909f56bfc062723c751e8b465ee728b)  -> (artifact id: '7162ac43cdbbff87b3db6fd3fe88e6f0') in 0.027785 seconds
Number of updated asset objects reloaded before import = 0
Number of asset objects unloaded after import = 9
========================================================================
Received Import Request.
  Time since last request: 9.266953 seconds.
  path: Assets/PrefabForest/Fantasy Forest Environment Free Sample/Textures/bark01_bottom.tga
  artifactKey: Guid(4e44992d8a199a546aeaaa6ebc63b91a) Importer(815301076,1909f56bfc062723c751e8b465ee728b)
Start importing Assets/PrefabForest/Fantasy Forest Environment Free Sample/Textures/bark01_bottom.tga using Guid(4e44992d8a199a546aeaaa6ebc63b91a) Importer(815301076,1909f56bfc062723c751e8b465ee728b)  -> (artifact id: '50f1fb4c28f5e3a32dd55f46f4311a24') in 0.014100 seconds
Number of updated asset objects reloaded before import = 0
Number of asset objects unloaded after import = 2
========================================================================
Received Import Request.
  Time since last request: 17.776300 seconds.
  path: Assets/PrefabForest/MaterialsForest/_TerrainAutoUpgrade
  artifactKey: Guid(84834019af0880f4fb61e6438cdfe412) Importer(815301076,1909f56bfc062723c751e8b465ee728b)
Start importing Assets/PrefabForest/MaterialsForest/_TerrainAutoUpgrade using Guid(84834019af0880f4fb61e6438cdfe412) Importer(815301076,1909f56bfc062723c751e8b465ee728b)  -> (artifact id: '55d727ccb78d4dca3c8da8303dd4fe92') in 0.000645 seconds
Number of updated asset objects reloaded before import = 0
Number of asset objects unloaded after import = 0
========================================================================
Received Import Request.
  Time since last request: 14.770891 seconds.
  path: Assets/PrefabForest/MaterialsForest/_TerrainAutoUpgrade/New Material.mat
  artifactKey: Guid(a44c2cde62506ed4e9bb580274f1c8b9) Importer(815301076,1909f56bfc062723c751e8b465ee728b)
Start importing Assets/PrefabForest/MaterialsForest/_TerrainAutoUpgrade/New Material.mat using Guid(a44c2cde62506ed4e9bb580274f1c8b9) Importer(815301076,1909f56bfc062723c751e8b465ee728b)  -> (artifact id: 'e549bf2779e7483df797548746af9a56') in 0.036986 seconds
Number of updated asset objects reloaded before import = 0
Number of asset objects unloaded after import = 1
========================================================================
Received Import Request.
  Time since last request: 21.019819 seconds.
  path: Assets/PrefabForest/Fantasy Forest Environment Free Sample/Textures
  artifactKey: Guid(9fcce063c50b58049b8c0bb17dc31ac4) Importer(815301076,1909f56bfc062723c751e8b465ee728b)
Start importing Assets/PrefabForest/Fantasy Forest Environment Free Sample/Textures using Guid(9fcce063c50b58049b8c0bb17dc31ac4) Importer(815301076,1909f56bfc062723c751e8b465ee728b)  -> (artifact id: 'a052c2ee6f8cf84e5eb3cd4adab1c3bb') in 0.000445 seconds
Number of updated asset objects reloaded before import = 0
Number of asset objects unloaded after import = 0
========================================================================
Received Import Request.
  Time since last request: 12.430598 seconds.
  path: Assets/PrefabForest/Fantasy Forest Environment Free Sample/Textures/New Material.mat
  artifactKey: Guid(b0e817c7f7ff9d94a8ab5b34feb46a9c) Importer(815301076,1909f56bfc062723c751e8b465ee728b)
Start importing Assets/PrefabForest/Fantasy Forest Environment Free Sample/Textures/New Material.mat using Guid(b0e817c7f7ff9d94a8ab5b34feb46a9c) Importer(815301076,1909f56bfc062723c751e8b465ee728b)  -> (artifact id: '7c68b3cb38806112cde400d04d21e506') in 0.042440 seconds
Number of updated asset objects reloaded before import = 0
Number of asset objects unloaded after import = 1
