Using pre-set license
Built from '2022.3/release' branch; Version is '2022.3.12f1 (4fe6e059c7ef) revision 5236448'; Using compiler version '192829333'; Build Type 'Release'
OS: 'Windows 10  (10.0.19044) 64bit Professional' Language: 'ru' Physical Memory: 15713 MB
BatchMode: 1, IsHumanControllingUs: 0, StartBugReporterOnCrash: 0, Is64bit: 1, IsPro: 1

COMMAND LINE ARGUMENTS:
C:\РЎСЂРµРґС‹ СЂР°Р·СЂР°Р±РѕС‚РѕРє\Р®РЅРёС‚Рё\Unity 2022.3.12f1\Editor\Unity.exe
-adb2
-batchMode
-noUpm
-name
AssetImportWorker2
-projectPath
C:/Users/User/Desktop/My_Games/Hakatoon2/Hakaton2
-logFile
Logs/AssetImportWorker2.log
-srvPort
51006
Successfully changed project path to: C:/Users/User/Desktop/My_Games/Hakatoon2/Hakaton2
C:/Users/User/Desktop/My_Games/Hakatoon2/Hakaton2
[UnityMemory] Configuration Parameters - Can be set up in boot.config
    "memorysetup-bucket-allocator-granularity=16"
    "memorysetup-bucket-allocator-bucket-count=8"
    "memorysetup-bucket-allocator-block-size=33554432"
    "memorysetup-bucket-allocator-block-count=8"
    "memorysetup-main-allocator-block-size=16777216"
    "memorysetup-thread-allocator-block-size=16777216"
    "memorysetup-gfx-main-allocator-block-size=16777216"
    "memorysetup-gfx-thread-allocator-block-size=16777216"
    "memorysetup-cache-allocator-block-size=4194304"
    "memorysetup-typetree-allocator-block-size=2097152"
    "memorysetup-profiler-bucket-allocator-granularity=16"
    "memorysetup-profiler-bucket-allocator-bucket-count=8"
    "memorysetup-profiler-bucket-allocator-block-size=33554432"
    "memorysetup-profiler-bucket-allocator-block-count=8"
    "memorysetup-profiler-allocator-block-size=16777216"
    "memorysetup-profiler-editor-allocator-block-size=1048576"
    "memorysetup-temp-allocator-size-main=16777216"
    "memorysetup-job-temp-allocator-block-size=2097152"
    "memorysetup-job-temp-allocator-block-size-background=1048576"
    "memorysetup-job-temp-allocator-reduction-small-platforms=262144"
    "memorysetup-allocator-temp-initial-block-size-main=262144"
    "memorysetup-allocator-temp-initial-block-size-worker=262144"
    "memorysetup-temp-allocator-size-background-worker=32768"
    "memorysetup-temp-allocator-size-job-worker=262144"
    "memorysetup-temp-allocator-size-preload-manager=33554432"
    "memorysetup-temp-allocator-size-nav-mesh-worker=65536"
    "memorysetup-temp-allocator-size-audio-worker=65536"
    "memorysetup-temp-allocator-size-cloud-worker=32768"
    "memorysetup-temp-allocator-size-gi-baking-worker=262144"
    "memorysetup-temp-allocator-size-gfx=262144"
Player connection [13696] Host "[IP] 10.51.3.65 [Port] 0 [Flags] 2 [Guid] 3835638245 [EditorId] 3835638245 [Version] 1048832 [Id] WindowsEditor(7,WIN-HO4L0B56MC1) [Debug] 1 [PackageName] WindowsEditor [ProjectName] Editor" joined multi-casting on [225.0.0.222:54997]...

Player connection [13696] Host "[IP] 10.51.3.65 [Port] 0 [Flags] 2 [Guid] 3835638245 [EditorId] 3835638245 [Version] 1048832 [Id] WindowsEditor(7,WIN-HO4L0B56MC1) [Debug] 1 [PackageName] WindowsEditor [ProjectName] Editor" joined alternative multi-casting on [225.0.0.222:34997]...

[Physics::Module] Initialized MultithreadedJobDispatcher with 11 workers.
Refreshing native plugins compatible for Editor in 4.98 ms, found 3 plugins.
Preloading 0 native plugins for Editor in 0.00 ms.
Initialize engine version: 2022.3.12f1 (4fe6e059c7ef)
[Subsystems] Discovering subsystems at path C:/РЎСЂРµРґС‹ СЂР°Р·СЂР°Р±РѕС‚РѕРє/Р®РЅРёС‚Рё/Unity 2022.3.12f1/Editor/Data/Resources/UnitySubsystems
[Subsystems] Discovering subsystems at path C:/Users/User/Desktop/My_Games/Hakatoon2/Hakaton2/Assets
GfxDevice: creating device client; threaded=0; jobified=0
Direct3D:
    Version:  Direct3D 11.0 [level 11.1]
    Renderer: NVIDIA GeForce RTX 3050 Ti Laptop GPU (ID=0x25a0)
    Vendor:   NVIDIA
    VRAM:     3976 MB
    Driver:   31.0.15.3742
Initialize mono
Mono path[0] = 'C:/РЎСЂРµРґС‹ СЂР°Р·СЂР°Р±РѕС‚РѕРє/Р®РЅРёС‚Рё/Unity 2022.3.12f1/Editor/Data/Managed'
Mono path[1] = 'C:/РЎСЂРµРґС‹ СЂР°Р·СЂР°Р±РѕС‚РѕРє/Р®РЅРёС‚Рё/Unity 2022.3.12f1/Editor/Data/MonoBleedingEdge/lib/mono/unityjit-win32'
Mono config path = 'C:/РЎСЂРµРґС‹ СЂР°Р·СЂР°Р±РѕС‚РѕРє/Р®РЅРёС‚Рё/Unity 2022.3.12f1/Editor/Data/MonoBleedingEdge/etc'
Using monoOptions --debugger-agent=transport=dt_socket,embedding=1,server=y,suspend=n,address=127.0.0.1:56948
Begin MonoManager ReloadAssembly
Registering precompiled unity dll's ...
Register platform support module: C:/РЎСЂРµРґС‹ СЂР°Р·СЂР°Р±РѕС‚РѕРє/Р®РЅРёС‚Рё/Unity 2022.3.12f1/Editor/Data/PlaybackEngines/WindowsStandaloneSupport/UnityEditor.WindowsStandalone.Extensions.dll
Registered in 0.003974 seconds.
- Loaded All Assemblies, in  0.265 seconds
Native extension for WindowsStandalone target not found
Mono: successfully reloaded assembly
- Finished resetting the current domain, in  0.202 seconds
Domain Reload Profiling: 467ms
	BeginReloadAssembly (85ms)
		ExecutionOrderSort (0ms)
		DisableScriptedObjects (0ms)
		BackupInstance (0ms)
		ReleaseScriptingObjects (0ms)
		CreateAndSetChildDomain (1ms)
	RebuildCommonClasses (27ms)
	RebuildNativeTypeToScriptingClass (9ms)
	initialDomainReloadingComplete (44ms)
	LoadAllAssembliesAndSetupDomain (100ms)
		LoadAssemblies (84ms)
		RebuildTransferFunctionScriptingTraits (0ms)
		AnalyzeDomain (98ms)
			TypeCache.Refresh (97ms)
				TypeCache.ScanAssembly (88ms)
			ScanForSourceGeneratedMonoScriptInfo (0ms)
			ResolveRequiredComponents (0ms)
	FinalizeReload (203ms)
		ReleaseScriptCaches (0ms)
		RebuildScriptCaches (0ms)
		SetupLoadedEditorAssemblies (157ms)
			LogAssemblyErrors (0ms)
			InitializePlatformSupportModulesInManaged (7ms)
			SetLoadedEditorAssemblies (6ms)
			RefreshPlugins (0ms)
			BeforeProcessingInitializeOnLoad (2ms)
			ProcessInitializeOnLoadAttributes (104ms)
			ProcessInitializeOnLoadMethodAttributes (39ms)
			AfterProcessingInitializeOnLoad (0ms)
			EditorAssembliesLoaded (0ms)
		ExecutionOrderSort2 (0ms)
		AwakeInstancesAfterBackupRestoration (0ms)
========================================================================
Worker process is ready to serve import requests
Begin MonoManager ReloadAssembly
- Loaded All Assemblies, in  0.462 seconds
Refreshing native plugins compatible for Editor in 1.87 ms, found 3 plugins.
Native extension for WindowsStandalone target not found
Package Manager log level set to [2]
[Package Manager] Server::EnsureServerProcessIsRunning -- launch failed, reason: Unity was launched with the -noUpm command-line argument
[Package Manager] UpmClient::Send -- Unable to send message (not connected to UPM process).
[Package Manager] Cannot connect to Unity Package Manager local server
Mono: successfully reloaded assembly
- Finished resetting the current domain, in  0.425 seconds
Domain Reload Profiling: 886ms
	BeginReloadAssembly (117ms)
		ExecutionOrderSort (0ms)
		DisableScriptedObjects (5ms)
		BackupInstance (0ms)
		ReleaseScriptingObjects (0ms)
		CreateAndSetChildDomain (18ms)
	RebuildCommonClasses (25ms)
	RebuildNativeTypeToScriptingClass (8ms)
	initialDomainReloadingComplete (33ms)
	LoadAllAssembliesAndSetupDomain (277ms)
		LoadAssemblies (202ms)
		RebuildTransferFunctionScriptingTraits (0ms)
		AnalyzeDomain (136ms)
			TypeCache.Refresh (122ms)
				TypeCache.ScanAssembly (112ms)
			ScanForSourceGeneratedMonoScriptInfo (10ms)
			ResolveRequiredComponents (3ms)
	FinalizeReload (425ms)
		ReleaseScriptCaches (0ms)
		RebuildScriptCaches (0ms)
		SetupLoadedEditorAssemblies (309ms)
			LogAssemblyErrors (0ms)
			InitializePlatformSupportModulesInManaged (4ms)
			SetLoadedEditorAssemblies (3ms)
			RefreshPlugins (0ms)
			BeforeProcessingInitializeOnLoad (47ms)
			ProcessInitializeOnLoadAttributes (231ms)
			ProcessInitializeOnLoadMethodAttributes (19ms)
			AfterProcessingInitializeOnLoad (4ms)
			EditorAssembliesLoaded (0ms)
		ExecutionOrderSort2 (0ms)
		AwakeInstancesAfterBackupRestoration (5ms)
Launched and connected shader compiler UnityShaderCompiler.exe after 0.03 seconds
Refreshing native plugins compatible for Editor in 3.13 ms, found 3 plugins.
Preloading 0 native plugins for Editor in 0.00 ms.
Unloading 3083 Unused Serialized files (Serialized files now loaded: 0)
Unloading 32 unused Assets / (57.0 KB). Loaded Objects now: 3555.
Memory consumption went from 125.7 MB to 125.7 MB.
Total: 2.501600 ms (FindLiveObjects: 0.197700 ms CreateObjectMapping: 0.087600 ms MarkObjects: 2.118900 ms  DeleteObjects: 0.096300 ms)

AssetImportParameters requested are different than current active one (requested -> active):
  custom:container-demuxer-ogg: 62fdf1f143b41e24485cea50d1cbac27 -> 
  custom:video-decoder-ogg-theora: a1e56fd34408186e4bbccfd4996cb3dc -> 
  custom:framework-win-MediaFoundation: 216162199b28c13a410421893ffa2e32 -> 
  custom:CustomObjectIndexerAttribute: 756ad292c208cfabdd7b50bc23989ffe -> 
  custom:container-demuxer-webm: 4f35f7cbe854078d1ac9338744f61a02 -> 
  custom:container-muxer-webm: aa71ff27fc2769a1b78a27578f13a17b -> 
  custom:video-decoder-webm-vp8: 9c59270c3fd7afecdb556c50c9e8de78 -> 
  custom:SearchIndexIgnoredProperties: e643bd26f0fe6173181afceb89e7c659 -> 
  custom:AudioImporter_EditorPlatform: d09bf68614088b80899f8185d706f6e7 -> 
  custom:video-encoder-webm-vp8: eb34c28f22e8b96e1ab97ce403110664 -> 
  custom:audio-decoder-ogg-vorbis: bf7c407c2cedff20999df2af8eb42d56 -> 
  custom:audio-encoder-webm-vorbis: bf7c407c2cedff20999df2af8eb42d56 -> 
========================================================================
Received Import Request.
  Time since last request: 56462.067951 seconds.
  path: Assets/PrefabForest/Fantasy Forest Environment Free Sample/Materials/skyMaterial.mat
  artifactKey: Guid(cb20c710b0721ef4d88cabbec2aa4da7) Importer(815301076,1909f56bfc062723c751e8b465ee728b)
Start importing Assets/PrefabForest/Fantasy Forest Environment Free Sample/Materials/skyMaterial.mat using Guid(cb20c710b0721ef4d88cabbec2aa4da7) Importer(815301076,1909f56bfc062723c751e8b465ee728b)  -> (artifact id: 'f0e62adde2ad6fe7e97a8562b5e9f273') in 0.117307 seconds
Number of updated asset objects reloaded before import = 0
Number of asset objects unloaded after import = 1
========================================================================
Received Import Request.
  Time since last request: 33.435865 seconds.
  path: Assets/MaximeBrunoni/CountryHouse/Art/Materials
  artifactKey: Guid(5aaf9bdac570ce8449f2411fb75f4701) Importer(815301076,1909f56bfc062723c751e8b465ee728b)
Start importing Assets/MaximeBrunoni/CountryHouse/Art/Materials using Guid(5aaf9bdac570ce8449f2411fb75f4701) Importer(815301076,1909f56bfc062723c751e8b465ee728b)  -> (artifact id: '12f0168640a09a9ce318104fcffb9a39') in 0.000605 seconds
Number of updated asset objects reloaded before import = 0
Number of asset objects unloaded after import = 0
========================================================================
Received Import Request.
  Time since last request: 0.056121 seconds.
  path: Assets/MaximeBrunoni/CountryHouse/Art/Materials/CountryHouse_bottom.mat
  artifactKey: Guid(8303331eecbefef41b533f52efb26809) Importer(815301076,1909f56bfc062723c751e8b465ee728b)
Start importing Assets/MaximeBrunoni/CountryHouse/Art/Materials/CountryHouse_bottom.mat using Guid(8303331eecbefef41b533f52efb26809) Importer(815301076,1909f56bfc062723c751e8b465ee728b)  -> (artifact id: '31f35fd075f099a376d907657085de88') in 0.107390 seconds
Number of updated asset objects reloaded before import = 0
Number of asset objects unloaded after import = 4
========================================================================
Received Import Request.
  Time since last request: 0.000015 seconds.
  path: Assets/MaximeBrunoni/CountryHouse/Art/Materials/Pedestal.mat
  artifactKey: Guid(0d134cf337ef3b744977df689ad85048) Importer(815301076,1909f56bfc062723c751e8b465ee728b)
Start importing Assets/MaximeBrunoni/CountryHouse/Art/Materials/Pedestal.mat using Guid(0d134cf337ef3b744977df689ad85048) Importer(815301076,1909f56bfc062723c751e8b465ee728b)  -> (artifact id: 'f94ebd047130bbb6d326f5d46b7bd32c') in 0.042190 seconds
Number of updated asset objects reloaded before import = 0
Number of asset objects unloaded after import = 5
========================================================================
Received Import Request.
  Time since last request: 0.000014 seconds.
  path: Assets/MaximeBrunoni/CountryHouse/Art/Materials/Logo.mat
  artifactKey: Guid(66d2b32833bc98c498fe73a75d440141) Importer(815301076,1909f56bfc062723c751e8b465ee728b)
Start importing Assets/MaximeBrunoni/CountryHouse/Art/Materials/Logo.mat using Guid(66d2b32833bc98c498fe73a75d440141) Importer(815301076,1909f56bfc062723c751e8b465ee728b)  -> (artifact id: '12e820c0503d57f22b96fb2f60a63243') in 0.020876 seconds
Number of updated asset objects reloaded before import = 0
Number of asset objects unloaded after import = 2
========================================================================
Received Import Request.
  Time since last request: 1.803317 seconds.
  path: Assets/MaximeBrunoni/CountryHouse/Art/Meshes/CountryHouse.fbx
  artifactKey: Guid(40c157d1f354202449acc218645bc884) Importer(815301076,1909f56bfc062723c751e8b465ee728b)
Start importing Assets/MaximeBrunoni/CountryHouse/Art/Meshes/CountryHouse.fbx using Guid(40c157d1f354202449acc218645bc884) Importer(815301076,1909f56bfc062723c751e8b465ee728b)  -> (artifact id: 'db927e3df64a17ab27f10963d582546a') in 0.315485 seconds
Number of updated asset objects reloaded before import = 0
Number of asset objects unloaded after import = 84
========================================================================
Received Import Request.
  Time since last request: 4.414803 seconds.
  path: Assets/MaximeBrunoni/CountryHouse/Demo/PostProcessProfile/DemoSceneProfile.asset
  artifactKey: Guid(ea96fa6989951e7419eebe237a1b0789) Importer(815301076,1909f56bfc062723c751e8b465ee728b)
Start importing Assets/MaximeBrunoni/CountryHouse/Demo/PostProcessProfile/DemoSceneProfile.asset using Guid(ea96fa6989951e7419eebe237a1b0789) Importer(815301076,1909f56bfc062723c751e8b465ee728b)  -> (artifact id: 'f9da8f4849c76824e97c2ba63ffb379d') in 0.001116 seconds
Number of updated asset objects reloaded before import = 0
Number of asset objects unloaded after import = 1
========================================================================
Received Import Request.
  Time since last request: 3.506079 seconds.
  path: Assets/MaximeBrunoni/CountryHouse/Demo/Scene/DemoScene_CountryHouse.unity
  artifactKey: Guid(26e27bdf523f9024bb0983fff8d8214c) Importer(815301076,1909f56bfc062723c751e8b465ee728b)
Start importing Assets/MaximeBrunoni/CountryHouse/Demo/Scene/DemoScene_CountryHouse.unity using Guid(26e27bdf523f9024bb0983fff8d8214c) Importer(815301076,1909f56bfc062723c751e8b465ee728b)  -> (artifact id: 'c2d0e7d4684fbc8062d3a9623b2850c6') in 0.000500 seconds
Number of updated asset objects reloaded before import = 0
Number of asset objects unloaded after import = 0
========================================================================
Received Import Request.
  Time since last request: 26.068469 seconds.
  path: Assets/MaximeBrunoni/CountryHouse/Demo/Scene
  artifactKey: Guid(a23a0b5feae557d48808e1795533c3dc) Importer(815301076,1909f56bfc062723c751e8b465ee728b)
Start importing Assets/MaximeBrunoni/CountryHouse/Demo/Scene using Guid(a23a0b5feae557d48808e1795533c3dc) Importer(815301076,1909f56bfc062723c751e8b465ee728b)  -> (artifact id: '1dbfdcade3f8a237cde1f0378b27649e') in 0.000559 seconds
Number of updated asset objects reloaded before import = 0
Number of asset objects unloaded after import = 0
========================================================================
Received Import Request.
  Time since last request: 3.295262 seconds.
  path: Assets/MaximeBrunoni/CountryHouse/Art/Textures
  artifactKey: Guid(819d94c6d0c7b2041b95b27199710cbe) Importer(815301076,1909f56bfc062723c751e8b465ee728b)
Start importing Assets/MaximeBrunoni/CountryHouse/Art/Textures using Guid(819d94c6d0c7b2041b95b27199710cbe) Importer(815301076,1909f56bfc062723c751e8b465ee728b)  -> (artifact id: '7f7164beec929dd0cfaad4c4305323d7') in 0.000548 seconds
Number of updated asset objects reloaded before import = 0
Number of asset objects unloaded after import = 0
========================================================================
Received Import Request.
  Time since last request: 0.807913 seconds.
  path: Assets/MaximeBrunoni/CountryHouse/Art/Textures/Pedestal
  artifactKey: Guid(6c5f9f00bc18e54419d3c9c896b4a19f) Importer(815301076,1909f56bfc062723c751e8b465ee728b)
Start importing Assets/MaximeBrunoni/CountryHouse/Art/Textures/Pedestal using Guid(6c5f9f00bc18e54419d3c9c896b4a19f) Importer(815301076,1909f56bfc062723c751e8b465ee728b)  -> (artifact id: '4826dc9581a8897a3d4ca781e8f9621c') in 0.000410 seconds
Number of updated asset objects reloaded before import = 0
Number of asset objects unloaded after import = 0
========================================================================
Received Import Request.
  Time since last request: 0.720180 seconds.
  path: Assets/MaximeBrunoni/CountryHouse/Art/Textures/CountryHouse
  artifactKey: Guid(d890772aedda5db4385b63417fb33ab8) Importer(815301076,1909f56bfc062723c751e8b465ee728b)
Start importing Assets/MaximeBrunoni/CountryHouse/Art/Textures/CountryHouse using Guid(d890772aedda5db4385b63417fb33ab8) Importer(815301076,1909f56bfc062723c751e8b465ee728b)  -> (artifact id: '888082c6f6cfa74e07a6abb4cbe66c82') in 0.000416 seconds
Number of updated asset objects reloaded before import = 0
Number of asset objects unloaded after import = 0
========================================================================
Received Import Request.
  Time since last request: 0.095237 seconds.
  path: Assets/MaximeBrunoni/CountryHouse/Art/Textures/CountryHouse/country_house_01_bottom_AlbedoTransparency.png
  artifactKey: Guid(8378c96a1631b774eab116b2b2bc2fcf) Importer(815301076,1909f56bfc062723c751e8b465ee728b)
Start importing Assets/MaximeBrunoni/CountryHouse/Art/Textures/CountryHouse/country_house_01_bottom_AlbedoTransparency.png using Guid(8378c96a1631b774eab116b2b2bc2fcf) Importer(815301076,1909f56bfc062723c751e8b465ee728b)  -> (artifact id: '5b5a82aafcc481525ac3b3ee1e2b7c62') in 0.027650 seconds
Number of updated asset objects reloaded before import = 0
Number of asset objects unloaded after import = 2
========================================================================
Received Import Request.
  Time since last request: 0.000050 seconds.
  path: Assets/MaximeBrunoni/CountryHouse/Art/Textures/CountryHouse/country_house_01_top_AlbedoTransparency.png
  artifactKey: Guid(c36c571f340a0af498578a187b2f5296) Importer(815301076,1909f56bfc062723c751e8b465ee728b)
Start importing Assets/MaximeBrunoni/CountryHouse/Art/Textures/CountryHouse/country_house_01_top_AlbedoTransparency.png using Guid(c36c571f340a0af498578a187b2f5296) Importer(815301076,1909f56bfc062723c751e8b465ee728b)  -> (artifact id: '6d201ff96df9e602a870ab43b44a5e4f') in 0.039075 seconds
Number of updated asset objects reloaded before import = 0
Number of asset objects unloaded after import = 2
========================================================================
Received Import Request.
  Time since last request: 0.000079 seconds.
  path: Assets/MaximeBrunoni/CountryHouse/Art/Textures/CountryHouse/country_house_01_flaps_AlbedoTransparency.png
  artifactKey: Guid(d5031b8e33a11864d9080d6c21069aee) Importer(815301076,1909f56bfc062723c751e8b465ee728b)
Start importing Assets/MaximeBrunoni/CountryHouse/Art/Textures/CountryHouse/country_house_01_flaps_AlbedoTransparency.png using Guid(d5031b8e33a11864d9080d6c21069aee) Importer(815301076,1909f56bfc062723c751e8b465ee728b)  -> (artifact id: 'ec163f552f0b8cfbd1a5f9dca688b543') in 0.009303 seconds
Number of updated asset objects reloaded before import = 0
Number of asset objects unloaded after import = 2
========================================================================
Received Import Request.
  Time since last request: 0.000011 seconds.
  path: Assets/MaximeBrunoni/CountryHouse/Art/Textures/CountryHouse/country_house_01_top_MetallicSmoothness.png
  artifactKey: Guid(847d9a557e549f7498e26de85af04b3e) Importer(815301076,1909f56bfc062723c751e8b465ee728b)
Start importing Assets/MaximeBrunoni/CountryHouse/Art/Textures/CountryHouse/country_house_01_top_MetallicSmoothness.png using Guid(847d9a557e549f7498e26de85af04b3e) Importer(815301076,1909f56bfc062723c751e8b465ee728b)  -> (artifact id: '548cc81262a3d14cd5cdb83dc847092d') in 0.050968 seconds
Number of updated asset objects reloaded before import = 0
Number of asset objects unloaded after import = 2
========================================================================
Received Import Request.
  Time since last request: 0.000014 seconds.
  path: Assets/MaximeBrunoni/CountryHouse/Art/Textures/CountryHouse/country_house_01_flaps_Normal.png
  artifactKey: Guid(7cc3d8a362fbd0846b4e3ca2820374d3) Importer(815301076,1909f56bfc062723c751e8b465ee728b)
Start importing Assets/MaximeBrunoni/CountryHouse/Art/Textures/CountryHouse/country_house_01_flaps_Normal.png using Guid(7cc3d8a362fbd0846b4e3ca2820374d3) Importer(815301076,1909f56bfc062723c751e8b465ee728b)  -> (artifact id: '185a583662fac9cb28bd2b339910569c') in 0.013352 seconds
Number of updated asset objects reloaded before import = 0
Number of asset objects unloaded after import = 2
========================================================================
Received Import Request.
  Time since last request: 5.528396 seconds.
  path: Assets/Scenes/Scenes/New Terrain.asset
  artifactKey: Guid(02bc0e2176f6a4e4ea3faf0c622664cf) Importer(815301076,1909f56bfc062723c751e8b465ee728b)
Start importing Assets/Scenes/Scenes/New Terrain.asset using Guid(02bc0e2176f6a4e4ea3faf0c622664cf) Importer(815301076,1909f56bfc062723c751e8b465ee728b)  -> (artifact id: '3656b3741f3a2f10474a58258ea65480') in 0.030275 seconds
Number of updated asset objects reloaded before import = 0
Number of asset objects unloaded after import = 33
========================================================================
Received Import Request.
  Time since last request: 0.897143 seconds.
  path: Assets/Scenes/Scenes/demoScene_free.unity
  artifactKey: Guid(7769f33fb4fa2e5458344a36556ad760) Importer(815301076,1909f56bfc062723c751e8b465ee728b)
Start importing Assets/Scenes/Scenes/demoScene_free.unity using Guid(7769f33fb4fa2e5458344a36556ad760) Importer(815301076,1909f56bfc062723c751e8b465ee728b)  -> (artifact id: '1cae082b968682e172a655d3644c21e1') in 0.000574 seconds
Number of updated asset objects reloaded before import = 0
Number of asset objects unloaded after import = 0
========================================================================
Received Import Request.
  Time since last request: 2.687903 seconds.
  path: Assets/Scenes/Scenes/demoScene_freeSettings.lighting
  artifactKey: Guid(4d87d01602d9da743b4532c9ac05cd28) Importer(815301076,1909f56bfc062723c751e8b465ee728b)
Start importing Assets/Scenes/Scenes/demoScene_freeSettings.lighting using Guid(4d87d01602d9da743b4532c9ac05cd28) Importer(815301076,1909f56bfc062723c751e8b465ee728b) LightingSettings: switching bake backend from 1 to 0.
 -> (artifact id: 'bd570c5e558e5c9183cbb736b6eb992e') in 0.001032 seconds
Number of updated asset objects reloaded before import = 0
Number of asset objects unloaded after import = 1
========================================================================
Received Import Request.
  Time since last request: 59.355204 seconds.
  path: Assets/Scenes/Scenes/New Terrain.asset
  artifactKey: Guid(02bc0e2176f6a4e4ea3faf0c622664cf) Importer(815301076,1909f56bfc062723c751e8b465ee728b)
Start importing Assets/Scenes/Scenes/New Terrain.asset using Guid(02bc0e2176f6a4e4ea3faf0c622664cf) Importer(815301076,1909f56bfc062723c751e8b465ee728b)  -> (artifact id: 'ef095c57341c1e7d18e2ac69fd006281') in 0.034952 seconds
Number of updated asset objects reloaded before import = 0
Number of asset objects unloaded after import = 33
========================================================================
Received Import Request.
  Time since last request: 48.648275 seconds.
  path: Assets/MaximeBrunoni/CountryHouse
  artifactKey: Guid(ff56d77a39fb579468f1d29177508239) Importer(815301076,1909f56bfc062723c751e8b465ee728b)
Start importing Assets/MaximeBrunoni/CountryHouse using Guid(ff56d77a39fb579468f1d29177508239) Importer(815301076,1909f56bfc062723c751e8b465ee728b)  -> (artifact id: '524652a647c6447e87e9c5ea7b9f6d08') in 0.000598 seconds
Number of updated asset objects reloaded before import = 0
Number of asset objects unloaded after import = 0
========================================================================
Received Import Request.
  Time since last request: 0.791308 seconds.
  path: Assets/MaximeBrunoni/CountryHouse/Art
  artifactKey: Guid(2e53d38e9439d6143afd0d8b4ea8be19) Importer(815301076,1909f56bfc062723c751e8b465ee728b)
Start importing Assets/MaximeBrunoni/CountryHouse/Art using Guid(2e53d38e9439d6143afd0d8b4ea8be19) Importer(815301076,1909f56bfc062723c751e8b465ee728b)  -> (artifact id: 'db59a96d4e10162992a89b7b59ceb5ac') in 0.000443 seconds
Number of updated asset objects reloaded before import = 0
Number of asset objects unloaded after import = 0
========================================================================
Received Import Request.
  Time since last request: 0.930356 seconds.
  path: Assets/MaximeBrunoni/CountryHouse/Prefabs
  artifactKey: Guid(bbbb2fc0e45ea704db180ccd4171ca7a) Importer(815301076,1909f56bfc062723c751e8b465ee728b)
Start importing Assets/MaximeBrunoni/CountryHouse/Prefabs using Guid(bbbb2fc0e45ea704db180ccd4171ca7a) Importer(815301076,1909f56bfc062723c751e8b465ee728b)  -> (artifact id: '0634ec956e2984ceb51f306702f3ae97') in 0.000435 seconds
Number of updated asset objects reloaded before import = 0
Number of asset objects unloaded after import = 0
========================================================================
Received Import Request.
  Time since last request: 0.073747 seconds.
  path: Assets/MaximeBrunoni/CountryHouse/Prefabs/CountryHouse.prefab
  artifactKey: Guid(163099117d8b97a4bb83120a495b01f9) Importer(815301076,1909f56bfc062723c751e8b465ee728b)
Start importing Assets/MaximeBrunoni/CountryHouse/Prefabs/CountryHouse.prefab using Guid(163099117d8b97a4bb83120a495b01f9) Importer(815301076,1909f56bfc062723c751e8b465ee728b)  -> (artifact id: 'c88022a46d3c8bc5ddbd9f6955ea741e') in 0.069504 seconds
Number of updated asset objects reloaded before import = 0
Number of asset objects unloaded after import = 149
========================================================================
Received Import Request.
  Time since last request: 80.471662 seconds.
  path: Assets/MaximeBrunoni/CountryHouse/Demo
  artifactKey: Guid(dd99ac090425da8418e750eea300e2cb) Importer(815301076,1909f56bfc062723c751e8b465ee728b)
Start importing Assets/MaximeBrunoni/CountryHouse/Demo using Guid(dd99ac090425da8418e750eea300e2cb) Importer(815301076,1909f56bfc062723c751e8b465ee728b)  -> (artifact id: '4db31324424e652f0aafd94aa41c18fd') in 0.000580 seconds
Number of updated asset objects reloaded before import = 0
Number of asset objects unloaded after import = 0
========================================================================
Received Import Request.
  Time since last request: 1.119189 seconds.
  path: Assets/MaximeBrunoni/CountryHouse/Demo/PostProcessProfile
  artifactKey: Guid(977961cd60540ab4dbc76a37f62fa23b) Importer(815301076,1909f56bfc062723c751e8b465ee728b)
Start importing Assets/MaximeBrunoni/CountryHouse/Demo/PostProcessProfile using Guid(977961cd60540ab4dbc76a37f62fa23b) Importer(815301076,1909f56bfc062723c751e8b465ee728b)  -> (artifact id: '5cc44dc3e03064eff7fbae137ffd3de8') in 0.000461 seconds
Number of updated asset objects reloaded before import = 0
Number of asset objects unloaded after import = 0
========================================================================
Received Import Request.
  Time since last request: 39.936526 seconds.
  path: Assets/MaximeBrunoni/CountryHouse/Art/Textures/CountryHouse/New Material.mat
  artifactKey: Guid(715352ef8e0f35748bb212e5e0f8b140) Importer(815301076,1909f56bfc062723c751e8b465ee728b)
Start importing Assets/MaximeBrunoni/CountryHouse/Art/Textures/CountryHouse/New Material.mat using Guid(715352ef8e0f35748bb212e5e0f8b140) Importer(815301076,1909f56bfc062723c751e8b465ee728b)  -> (artifact id: '6d066bdb0a7b0a796d845b9b3480d8e3') in 0.053019 seconds
Number of updated asset objects reloaded before import = 0
Number of asset objects unloaded after import = 1
========================================================================
Received Import Request.
  Time since last request: 88.938426 seconds.
  path: Assets/MaximeBrunoni/CountryHouse/Art/Textures/CountryHouse/New Material 1.mat
  artifactKey: Guid(64171079d55f9004886b443706fd2d51) Importer(815301076,1909f56bfc062723c751e8b465ee728b)
Start importing Assets/MaximeBrunoni/CountryHouse/Art/Textures/CountryHouse/New Material 1.mat using Guid(64171079d55f9004886b443706fd2d51) Importer(815301076,1909f56bfc062723c751e8b465ee728b)  -> (artifact id: 'e6becba4b6e114a660b1e4df26d3b334') in 0.050115 seconds
Number of updated asset objects reloaded before import = 0
Number of asset objects unloaded after import = 1
========================================================================
Received Import Request.
  Time since last request: 30.907225 seconds.
  path: Assets/MaximeBrunoni/CountryHouse/Art/Textures/CountryHouse/Bottom.mat
  artifactKey: Guid(715352ef8e0f35748bb212e5e0f8b140) Importer(815301076,1909f56bfc062723c751e8b465ee728b)
Start importing Assets/MaximeBrunoni/CountryHouse/Art/Textures/CountryHouse/Bottom.mat using Guid(715352ef8e0f35748bb212e5e0f8b140) Importer(815301076,1909f56bfc062723c751e8b465ee728b)  -> (artifact id: '9db91691441d57918063175b629aa280') in 0.014167 seconds
Number of updated asset objects reloaded before import = 0
Number of asset objects unloaded after import = 2
========================================================================
Received Import Request.
  Time since last request: 40.406027 seconds.
  path: Assets/MaximeBrunoni/CountryHouse/Art/Textures/CountryHouse/Door.mat
  artifactKey: Guid(64171079d55f9004886b443706fd2d51) Importer(815301076,1909f56bfc062723c751e8b465ee728b)
Start importing Assets/MaximeBrunoni/CountryHouse/Art/Textures/CountryHouse/Door.mat using Guid(64171079d55f9004886b443706fd2d51) Importer(815301076,1909f56bfc062723c751e8b465ee728b)  -> (artifact id: 'aaaa3dc966aacb973c05140f6ae899ed') in 0.015811 seconds
Number of updated asset objects reloaded before import = 0
Number of asset objects unloaded after import = 2
========================================================================
Received Import Request.
  Time since last request: 14.140170 seconds.
  path: Assets/MaximeBrunoni/CountryHouse/Art/Textures/CountryHouse/New Material.mat
  artifactKey: Guid(5fc9a8f72d419394eb7100e384235f0e) Importer(815301076,1909f56bfc062723c751e8b465ee728b)
Start importing Assets/MaximeBrunoni/CountryHouse/Art/Textures/CountryHouse/New Material.mat using Guid(5fc9a8f72d419394eb7100e384235f0e) Importer(815301076,1909f56bfc062723c751e8b465ee728b)  -> (artifact id: '0e11101a8beb8a64e5e476b1d71a7e1a') in 0.024424 seconds
Number of updated asset objects reloaded before import = 0
Number of asset objects unloaded after import = 1
========================================================================
Received Import Request.
  Time since last request: 102.012982 seconds.
  path: Assets/MaximeBrunoni/CountryHouse/Art/Textures/CountryHouse/Flaps.mat
  artifactKey: Guid(5fc9a8f72d419394eb7100e384235f0e) Importer(815301076,1909f56bfc062723c751e8b465ee728b)
Start importing Assets/MaximeBrunoni/CountryHouse/Art/Textures/CountryHouse/Flaps.mat using Guid(5fc9a8f72d419394eb7100e384235f0e) Importer(815301076,1909f56bfc062723c751e8b465ee728b)  -> (artifact id: '8f59307390a68254ad825ca37bbd9305') in 0.184162 seconds
Number of updated asset objects reloaded before import = 0
Number of asset objects unloaded after import = 4
========================================================================
Received Import Request.
  Time since last request: 14.777900 seconds.
  path: Assets/MaximeBrunoni/CountryHouse/Art/Textures/CountryHouse/Top.mat
  artifactKey: Guid(d1df9ab864ed7d54a832ae9046dec72c) Importer(815301076,1909f56bfc062723c751e8b465ee728b)
Start importing Assets/MaximeBrunoni/CountryHouse/Art/Textures/CountryHouse/Top.mat using Guid(d1df9ab864ed7d54a832ae9046dec72c) Importer(815301076,1909f56bfc062723c751e8b465ee728b)  -> (artifact id: 'cb847f4b96bb4b4347173122510560f3') in 0.015048 seconds
Number of updated asset objects reloaded before import = 0
Number of asset objects unloaded after import = 1
========================================================================
Received Import Request.
  Time since last request: 26.168530 seconds.
  path: Assets/MaximeBrunoni/CountryHouse/Art/Textures/CountryHouse/Door.mat
  artifactKey: Guid(64171079d55f9004886b443706fd2d51) Importer(815301076,1909f56bfc062723c751e8b465ee728b)
Start importing Assets/MaximeBrunoni/CountryHouse/Art/Textures/CountryHouse/Door.mat using Guid(64171079d55f9004886b443706fd2d51) Importer(815301076,1909f56bfc062723c751e8b465ee728b)  -> (artifact id: '0a94a5e10a9306080b2394d82d289fd0') in 0.040302 seconds
Number of updated asset objects reloaded before import = 0
Number of asset objects unloaded after import = 4
========================================================================
Received Import Request.
  Time since last request: 24.658947 seconds.
  path: Assets/MaximeBrunoni/CountryHouse/Art/Bottom.mat
  artifactKey: Guid(715352ef8e0f35748bb212e5e0f8b140) Importer(815301076,1909f56bfc062723c751e8b465ee728b)
Start importing Assets/MaximeBrunoni/CountryHouse/Art/Bottom.mat using Guid(715352ef8e0f35748bb212e5e0f8b140) Importer(815301076,1909f56bfc062723c751e8b465ee728b)  -> (artifact id: 'b6d07759c8c5ce711e0105dd2b2dfb2b') in 0.110499 seconds
Number of updated asset objects reloaded before import = 0
Number of asset objects unloaded after import = 4
========================================================================
Received Import Request.
  Time since last request: 9.222846 seconds.
  path: Assets/MaximeBrunoni/CountryHouse/Art/Materials/Door - Copy.mat
  artifactKey: Guid(64171079d55f9004886b443706fd2d51) Importer(815301076,1909f56bfc062723c751e8b465ee728b)
Start importing Assets/MaximeBrunoni/CountryHouse/Art/Materials/Door - Copy.mat using Guid(64171079d55f9004886b443706fd2d51) Importer(815301076,1909f56bfc062723c751e8b465ee728b)  -> (artifact id: 'c3b79d3d25c0494f9cd9a77828978e72') in 0.020145 seconds
Number of updated asset objects reloaded before import = 0
Number of asset objects unloaded after import = 4
========================================================================
Received Import Request.
  Time since last request: 19.323039 seconds.
  path: Assets/MaximeBrunoni/CountryHouse/Art/Meshes/CountryHouse.fbx
  artifactKey: Guid(40c157d1f354202449acc218645bc884) Importer(815301076,1909f56bfc062723c751e8b465ee728b)
Start importing Assets/MaximeBrunoni/CountryHouse/Art/Meshes/CountryHouse.fbx using Guid(40c157d1f354202449acc218645bc884) Importer(815301076,1909f56bfc062723c751e8b465ee728b)  -> (artifact id: 'b34a3aac094a1a4822a2775a4140d7f3') in 0.034548 seconds
Number of updated asset objects reloaded before import = 0
Number of asset objects unloaded after import = 68
========================================================================
Received Import Request.
  Time since last request: 31.052976 seconds.
  path: Assets/MaximeBrunoni/CountryHouse/Art/Textures/Logo/logo_01.png
  artifactKey: Guid(83bef64a4fcc3914ebb507868f7bdcec) Importer(815301076,1909f56bfc062723c751e8b465ee728b)
Start importing Assets/MaximeBrunoni/CountryHouse/Art/Textures/Logo/logo_01.png using Guid(83bef64a4fcc3914ebb507868f7bdcec) Importer(815301076,1909f56bfc062723c751e8b465ee728b)  -> (artifact id: '98e1084fa4284490b29307f0f18c1cc9') in 0.018847 seconds
Number of updated asset objects reloaded before import = 0
Number of asset objects unloaded after import = 2
========================================================================
Received Import Request.
  Time since last request: 10.979591 seconds.
  path: Assets/MaximeBrunoni/CountryHouse/Art/Textures/Pedestal/pedestal_Albedo.png
  artifactKey: Guid(035eb9777c93bc04db524b7126a631e2) Importer(815301076,1909f56bfc062723c751e8b465ee728b)
Start importing Assets/MaximeBrunoni/CountryHouse/Art/Textures/Pedestal/pedestal_Albedo.png using Guid(035eb9777c93bc04db524b7126a631e2) Importer(815301076,1909f56bfc062723c751e8b465ee728b)  -> (artifact id: '3c97dd45df7726a729132d18075c39b1') in 0.040689 seconds
Number of updated asset objects reloaded before import = 0
Number of asset objects unloaded after import = 2
========================================================================
Received Import Request.
  Time since last request: 0.000014 seconds.
  path: Assets/MaximeBrunoni/CountryHouse/Art/Textures/Pedestal/pedestal_Metalness.png
  artifactKey: Guid(57c242e398bd1264182af0290000a39c) Importer(815301076,1909f56bfc062723c751e8b465ee728b)
Start importing Assets/MaximeBrunoni/CountryHouse/Art/Textures/Pedestal/pedestal_Metalness.png using Guid(57c242e398bd1264182af0290000a39c) Importer(815301076,1909f56bfc062723c751e8b465ee728b)  -> (artifact id: 'dd789553dbb4d1ffce1db8fb7bf306a5') in 0.028745 seconds
Number of updated asset objects reloaded before import = 0
Number of asset objects unloaded after import = 2
Editor requested this worker to shutdown with reason: Scaling down because of idle timeout
TcpMessagingSession - receive error: operation aborted. errorcode: 995, details: Операция ввода/вывода была прервана из-за завершения потока команд или по запросу приложения.
AssetImportWorker is now disconnected from the server
Process exiting
Exiting without the bug reporter. Application will terminate with return code 0