Using pre-set license
Built from '2022.3/release' branch; Version is '2022.3.12f1 (4fe6e059c7ef) revision 5236448'; Using compiler version '192829333'; Build Type 'Release'
OS: 'Windows 10  (10.0.19044) 64bit Professional' Language: 'ru' Physical Memory: 15713 MB
BatchMode: 1, IsHumanControllingUs: 0, StartBugReporterOnCrash: 0, Is64bit: 1, IsPro: 1

COMMAND LINE ARGUMENTS:
C:\Среды разработок\Юнити\Unity 2022.3.12f1\Editor\Unity.exe
-adb2
-batchMode
-noUpm
-name
AssetImportWorker0
-projectPath
C:/Users/User/Documents/GitHub/GameJamMISIS-10.11.2023/Hakaton2
-logFile
Logs/AssetImportWorker0.log
-srvPort
52207
Successfully changed project path to: C:/Users/User/Documents/GitHub/GameJamMISIS-10.11.2023/Hakaton2
C:/Users/User/Documents/GitHub/GameJamMISIS-10.11.2023/Hakaton2
[UnityMemory] Configuration Parameters - Can be set up in boot.config
    "memorysetup-bucket-allocator-granularity=16"
    "memorysetup-bucket-allocator-bucket-count=8"
    "memorysetup-bucket-allocator-block-size=33554432"
    "memorysetup-bucket-allocator-block-count=8"
    "memorysetup-main-allocator-block-size=16777216"
    "memorysetup-thread-allocator-block-size=16777216"
    "memorysetup-gfx-main-allocator-block-size=16777216"
    "memorysetup-gfx-thread-allocator-block-size=16777216"
    "memorysetup-cache-allocator-block-size=4194304"
    "memorysetup-typetree-allocator-block-size=2097152"
    "memorysetup-profiler-bucket-allocator-granularity=16"
    "memorysetup-profiler-bucket-allocator-bucket-count=8"
    "memorysetup-profiler-bucket-allocator-block-size=33554432"
    "memorysetup-profiler-bucket-allocator-block-count=8"
    "memorysetup-profiler-allocator-block-size=16777216"
    "memorysetup-profiler-editor-allocator-block-size=1048576"
    "memorysetup-temp-allocator-size-main=16777216"
    "memorysetup-job-temp-allocator-block-size=2097152"
    "memorysetup-job-temp-allocator-block-size-background=1048576"
    "memorysetup-job-temp-allocator-reduction-small-platforms=262144"
    "memorysetup-allocator-temp-initial-block-size-main=262144"
    "memorysetup-allocator-temp-initial-block-size-worker=262144"
    "memorysetup-temp-allocator-size-background-worker=32768"
    "memorysetup-temp-allocator-size-job-worker=262144"
    "memorysetup-temp-allocator-size-preload-manager=33554432"
    "memorysetup-temp-allocator-size-nav-mesh-worker=65536"
    "memorysetup-temp-allocator-size-audio-worker=65536"
    "memorysetup-temp-allocator-size-cloud-worker=32768"
    "memorysetup-temp-allocator-size-gi-baking-worker=262144"
    "memorysetup-temp-allocator-size-gfx=262144"
Player connection [560] Host "[IP] 10.51.3.65 [Port] 0 [Flags] 2 [Guid] 2419627231 [EditorId] 2419627231 [Version] 1048832 [Id] WindowsEditor(7,WIN-HO4L0B56MC1) [Debug] 1 [PackageName] WindowsEditor [ProjectName] Editor" joined multi-casting on [225.0.0.222:54997]...

Player connection [560] Host "[IP] 10.51.3.65 [Port] 0 [Flags] 2 [Guid] 2419627231 [EditorId] 2419627231 [Version] 1048832 [Id] WindowsEditor(7,WIN-HO4L0B56MC1) [Debug] 1 [PackageName] WindowsEditor [ProjectName] Editor" joined alternative multi-casting on [225.0.0.222:34997]...

[Physics::Module] Initialized MultithreadedJobDispatcher with 11 workers.
Refreshing native plugins compatible for Editor in 5.05 ms, found 3 plugins.
Preloading 0 native plugins for Editor in 0.00 ms.
Initialize engine version: 2022.3.12f1 (4fe6e059c7ef)
[Subsystems] Discovering subsystems at path C:/Среды разработок/Юнити/Unity 2022.3.12f1/Editor/Data/Resources/UnitySubsystems
[Subsystems] Discovering subsystems at path C:/Users/User/Documents/GitHub/GameJamMISIS-10.11.2023/Hakaton2/Assets
GfxDevice: creating device client; threaded=0; jobified=0
Direct3D:
    Version:  Direct3D 11.0 [level 11.1]
    Renderer: NVIDIA GeForce RTX 3050 Ti Laptop GPU (ID=0x25a0)
    Vendor:   NVIDIA
    VRAM:     3976 MB
    Driver:   31.0.15.3742
Initialize mono
Mono path[0] = 'C:/Среды разработок/Юнити/Unity 2022.3.12f1/Editor/Data/Managed'
Mono path[1] = 'C:/Среды разработок/Юнити/Unity 2022.3.12f1/Editor/Data/MonoBleedingEdge/lib/mono/unityjit-win32'
Mono config path = 'C:/Среды разработок/Юнити/Unity 2022.3.12f1/Editor/Data/MonoBleedingEdge/etc'
Using monoOptions --debugger-agent=transport=dt_socket,embedding=1,server=y,suspend=n,address=127.0.0.1:56504
Begin MonoManager ReloadAssembly
Registering precompiled unity dll's ...
Register platform support module: C:/Среды разработок/Юнити/Unity 2022.3.12f1/Editor/Data/PlaybackEngines/WindowsStandaloneSupport/UnityEditor.WindowsStandalone.Extensions.dll
Registered in 0.004367 seconds.
- Loaded All Assemblies, in  0.295 seconds
Native extension for WindowsStandalone target not found
Mono: successfully reloaded assembly
- Finished resetting the current domain, in  0.226 seconds
Domain Reload Profiling: 521ms
	BeginReloadAssembly (90ms)
		ExecutionOrderSort (0ms)
		DisableScriptedObjects (0ms)
		BackupInstance (0ms)
		ReleaseScriptingObjects (0ms)
		CreateAndSetChildDomain (1ms)
	RebuildCommonClasses (31ms)
	RebuildNativeTypeToScriptingClass (9ms)
	initialDomainReloadingComplete (49ms)
	LoadAllAssembliesAndSetupDomain (115ms)
		LoadAssemblies (88ms)
		RebuildTransferFunctionScriptingTraits (0ms)
		AnalyzeDomain (114ms)
			TypeCache.Refresh (112ms)
				TypeCache.ScanAssembly (101ms)
			ScanForSourceGeneratedMonoScriptInfo (0ms)
			ResolveRequiredComponents (1ms)
	FinalizeReload (227ms)
		ReleaseScriptCaches (0ms)
		RebuildScriptCaches (0ms)
		SetupLoadedEditorAssemblies (174ms)
			LogAssemblyErrors (0ms)
			InitializePlatformSupportModulesInManaged (8ms)
			SetLoadedEditorAssemblies (7ms)
			RefreshPlugins (0ms)
			BeforeProcessingInitializeOnLoad (2ms)
			ProcessInitializeOnLoadAttributes (115ms)
			ProcessInitializeOnLoadMethodAttributes (43ms)
			AfterProcessingInitializeOnLoad (0ms)
			EditorAssembliesLoaded (0ms)
		ExecutionOrderSort2 (0ms)
		AwakeInstancesAfterBackupRestoration (0ms)
========================================================================
Worker process is ready to serve import requests
Begin MonoManager ReloadAssembly
- Loaded All Assemblies, in  0.503 seconds
Refreshing native plugins compatible for Editor in 2.00 ms, found 3 plugins.
Native extension for WindowsStandalone target not found
Package Manager log level set to [2]
[Package Manager] Server::EnsureServerProcessIsRunning -- launch failed, reason: Unity was launched with the -noUpm command-line argument
[Package Manager] UpmClient::Send -- Unable to send message (not connected to UPM process).
[Package Manager] Cannot connect to Unity Package Manager local server
Mono: successfully reloaded assembly
- Finished resetting the current domain, in  0.494 seconds
Domain Reload Profiling: 996ms
	BeginReloadAssembly (128ms)
		ExecutionOrderSort (0ms)
		DisableScriptedObjects (5ms)
		BackupInstance (0ms)
		ReleaseScriptingObjects (0ms)
		CreateAndSetChildDomain (20ms)
	RebuildCommonClasses (28ms)
	RebuildNativeTypeToScriptingClass (9ms)
	initialDomainReloadingComplete (36ms)
	LoadAllAssembliesAndSetupDomain (301ms)
		LoadAssemblies (222ms)
		RebuildTransferFunctionScriptingTraits (0ms)
		AnalyzeDomain (147ms)
			TypeCache.Refresh (129ms)
				TypeCache.ScanAssembly (118ms)
			ScanForSourceGeneratedMonoScriptInfo (12ms)
			ResolveRequiredComponents (3ms)
	FinalizeReload (495ms)
		ReleaseScriptCaches (0ms)
		RebuildScriptCaches (0ms)
		SetupLoadedEditorAssemblies (352ms)
			LogAssemblyErrors (0ms)
			InitializePlatformSupportModulesInManaged (5ms)
			SetLoadedEditorAssemblies (4ms)
			RefreshPlugins (0ms)
			BeforeProcessingInitializeOnLoad (55ms)
			ProcessInitializeOnLoadAttributes (262ms)
			ProcessInitializeOnLoadMethodAttributes (22ms)
			AfterProcessingInitializeOnLoad (5ms)
			EditorAssembliesLoaded (0ms)
		ExecutionOrderSort2 (0ms)
		AwakeInstancesAfterBackupRestoration (8ms)
Launched and connected shader compiler UnityShaderCompiler.exe after 0.03 seconds
Refreshing native plugins compatible for Editor in 2.03 ms, found 3 plugins.
Preloading 0 native plugins for Editor in 0.00 ms.
Unloading 3083 Unused Serialized files (Serialized files now loaded: 0)
Unloading 32 unused Assets / (57.3 KB). Loaded Objects now: 3555.
Memory consumption went from 126.0 MB to 126.0 MB.
Total: 3.128100 ms (FindLiveObjects: 0.300400 ms CreateObjectMapping: 0.155000 ms MarkObjects: 2.564800 ms  DeleteObjects: 0.106300 ms)

AssetImportParameters requested are different than current active one (requested -> active):
  custom:container-demuxer-ogg: 62fdf1f143b41e24485cea50d1cbac27 -> 
  custom:video-decoder-ogg-theora: a1e56fd34408186e4bbccfd4996cb3dc -> 
  custom:framework-win-MediaFoundation: 216162199b28c13a410421893ffa2e32 -> 
  custom:CustomObjectIndexerAttribute: 756ad292c208cfabdd7b50bc23989ffe -> 
  custom:container-demuxer-webm: 4f35f7cbe854078d1ac9338744f61a02 -> 
  custom:container-muxer-webm: aa71ff27fc2769a1b78a27578f13a17b -> 
  custom:video-decoder-webm-vp8: 9c59270c3fd7afecdb556c50c9e8de78 -> 
  custom:SearchIndexIgnoredProperties: e643bd26f0fe6173181afceb89e7c659 -> 
  custom:AudioImporter_EditorPlatform: d09bf68614088b80899f8185d706f6e7 -> 
  custom:video-encoder-webm-vp8: eb34c28f22e8b96e1ab97ce403110664 -> 
  custom:audio-decoder-ogg-vorbis: bf7c407c2cedff20999df2af8eb42d56 -> 
  custom:audio-encoder-webm-vorbis: bf7c407c2cedff20999df2af8eb42d56 -> 
========================================================================
Received Import Request.
  Time since last request: 72449.168722 seconds.
  path: Assets/Lina_Models
  artifactKey: Guid(86d6c03be9e18b447a4616d08dbc67cc) Importer(815301076,1909f56bfc062723c751e8b465ee728b)
Start importing Assets/Lina_Models using Guid(86d6c03be9e18b447a4616d08dbc67cc) Importer(815301076,1909f56bfc062723c751e8b465ee728b)  -> (artifact id: '3615cb2a02227ab060747bf226ec125f') in 0.004904 seconds
Number of updated asset objects reloaded before import = 0
Number of asset objects unloaded after import = 0
========================================================================
Received Import Request.
  Time since last request: 284.778952 seconds.
  path: Assets/Lina_Models/corridor 2.unity
  artifactKey: Guid(9b37d379e3addaa408baba18eda7bce3) Importer(815301076,1909f56bfc062723c751e8b465ee728b)
Start importing Assets/Lina_Models/corridor 2.unity using Guid(9b37d379e3addaa408baba18eda7bce3) Importer(815301076,1909f56bfc062723c751e8b465ee728b)  -> (artifact id: '53eb0130d0158668ca8656a6bbba7ec9') in 0.000573 seconds
Number of updated asset objects reloaded before import = 0
Number of asset objects unloaded after import = 0
========================================================================
Received Import Request.
  Time since last request: 265.827865 seconds.
  path: Assets/Lina_Models/Pictures
  artifactKey: Guid(a192fc17d2e8a8d458d5ff84b496ff74) Importer(815301076,1909f56bfc062723c751e8b465ee728b)
Start importing Assets/Lina_Models/Pictures using Guid(a192fc17d2e8a8d458d5ff84b496ff74) Importer(815301076,1909f56bfc062723c751e8b465ee728b)  -> (artifact id: '2b855848fe0266eb81b92b588cee1ee1') in 0.000475 seconds
Number of updated asset objects reloaded before import = 0
Number of asset objects unloaded after import = 0
========================================================================
Received Import Request.
  Time since last request: 14.200909 seconds.
  path: Assets/Lina_Models/room_2.unity
  artifactKey: Guid(55dd9cf926829c94b8636af47324d951) Importer(815301076,1909f56bfc062723c751e8b465ee728b)
Start importing Assets/Lina_Models/room_2.unity using Guid(55dd9cf926829c94b8636af47324d951) Importer(815301076,1909f56bfc062723c751e8b465ee728b)  -> (artifact id: '577a39e7dd4e848358c81dcc9537c25e') in 0.000430 seconds
Number of updated asset objects reloaded before import = 0
Number of asset objects unloaded after import = 0
========================================================================
Received Import Request.
  Time since last request: 19.116795 seconds.
  path: Assets/Lina_Models/corridor 2.unity
  artifactKey: Guid(9b37d379e3addaa408baba18eda7bce3) Importer(815301076,1909f56bfc062723c751e8b465ee728b)
Start importing Assets/Lina_Models/corridor 2.unity using Guid(9b37d379e3addaa408baba18eda7bce3) Importer(815301076,1909f56bfc062723c751e8b465ee728b)  -> (artifact id: 'f8ef21826cda3bea972591db8dceb795') in 0.000424 seconds
Number of updated asset objects reloaded before import = 0
Number of asset objects unloaded after import = 0
========================================================================
Received Import Request.
  Time since last request: 3.391217 seconds.
  path: Assets/Lina_Models/floor
  artifactKey: Guid(12b99e124b3b8784788b8a379aeaa9cc) Importer(815301076,1909f56bfc062723c751e8b465ee728b)
Start importing Assets/Lina_Models/floor using Guid(12b99e124b3b8784788b8a379aeaa9cc) Importer(815301076,1909f56bfc062723c751e8b465ee728b)  -> (artifact id: '027e4d2111bd9ab2cf5862fb4250a37a') in 0.000536 seconds
Number of updated asset objects reloaded before import = 0
Number of asset objects unloaded after import = 0
========================================================================
Received Import Request.
  Time since last request: 1.478813 seconds.
  path: Assets/Lina_Models/door
  artifactKey: Guid(d23393980df293b40beea4a14ac514be) Importer(815301076,1909f56bfc062723c751e8b465ee728b)
Start importing Assets/Lina_Models/door using Guid(d23393980df293b40beea4a14ac514be) Importer(815301076,1909f56bfc062723c751e8b465ee728b)  -> (artifact id: '0d46b2a8bd4c9a3ccaecbefc51289db5') in 0.000454 seconds
Number of updated asset objects reloaded before import = 0
Number of asset objects unloaded after import = 0
========================================================================
Received Import Request.
  Time since last request: 1.639228 seconds.
  path: Assets/Lina_Models/diningRoom
  artifactKey: Guid(a88dfb8072f4f3041b7bc67fa54b0ca2) Importer(815301076,1909f56bfc062723c751e8b465ee728b)
Start importing Assets/Lina_Models/diningRoom using Guid(a88dfb8072f4f3041b7bc67fa54b0ca2) Importer(815301076,1909f56bfc062723c751e8b465ee728b)  -> (artifact id: 'a3831b0ff2342fef3218559e898d2b21') in 0.000397 seconds
Number of updated asset objects reloaded before import = 0
Number of asset objects unloaded after import = 0
========================================================================
Received Import Request.
  Time since last request: 248.248378 seconds.
  path: Assets/Scenes/Scenes/New Scene.unity
  artifactKey: Guid(f203ac5ce4084ca4296aa05fdb9039d8) Importer(815301076,1909f56bfc062723c751e8b465ee728b)
Start importing Assets/Scenes/Scenes/New Scene.unity using Guid(f203ac5ce4084ca4296aa05fdb9039d8) Importer(815301076,1909f56bfc062723c751e8b465ee728b)  -> (artifact id: '25746caa55f2c91369f16b1e3b7ff1fb') in 0.000539 seconds
Number of updated asset objects reloaded before import = 0
Number of asset objects unloaded after import = 0
========================================================================
Received Import Request.
  Time since last request: 94.448096 seconds.
  path: Assets/Scenes/Scenes/Location_1 1.unity
  artifactKey: Guid(535d2d282de01f544b0d5b37d47ff11d) Importer(815301076,1909f56bfc062723c751e8b465ee728b)
Start importing Assets/Scenes/Scenes/Location_1 1.unity using Guid(535d2d282de01f544b0d5b37d47ff11d) Importer(815301076,1909f56bfc062723c751e8b465ee728b)  -> (artifact id: '3203fc2a3ba1452443b627aadc32ea42') in 0.000473 seconds
Number of updated asset objects reloaded before import = 0
Number of asset objects unloaded after import = 0
========================================================================
Received Import Request.
  Time since last request: 15.771600 seconds.
  path: Assets/Scenes/Scenes/Location_4.unity
  artifactKey: Guid(535d2d282de01f544b0d5b37d47ff11d) Importer(815301076,1909f56bfc062723c751e8b465ee728b)
Start importing Assets/Scenes/Scenes/Location_4.unity using Guid(535d2d282de01f544b0d5b37d47ff11d) Importer(815301076,1909f56bfc062723c751e8b465ee728b)  -> (artifact id: '847313838022e3ec8c286d1bc2d2e263') in 0.000488 seconds
Number of updated asset objects reloaded before import = 0
Number of asset objects unloaded after import = 0
========================================================================
Received Import Request.
  Time since last request: 55.254261 seconds.
  path: Assets/Scenes/Scenes/Location_4.unity
  artifactKey: Guid(535d2d282de01f544b0d5b37d47ff11d) Importer(815301076,1909f56bfc062723c751e8b465ee728b)
Start importing Assets/Scenes/Scenes/Location_4.unity using Guid(535d2d282de01f544b0d5b37d47ff11d) Importer(815301076,1909f56bfc062723c751e8b465ee728b)  -> (artifact id: 'ec0d1216d8e45b1b2129af7ac9417248') in 0.000375 seconds
Number of updated asset objects reloaded before import = 0
Number of asset objects unloaded after import = 0
========================================================================
Received Import Request.
  Time since last request: 604.630524 seconds.
  path: Assets/Fallen Tree Barrier - FREE/Models
  artifactKey: Guid(b554dee0a9ee70a4a818fc36f41a09f3) Importer(815301076,1909f56bfc062723c751e8b465ee728b)
Start importing Assets/Fallen Tree Barrier - FREE/Models using Guid(b554dee0a9ee70a4a818fc36f41a09f3) Importer(815301076,1909f56bfc062723c751e8b465ee728b)  -> (artifact id: '01e7e52fc00d69954e193e06d947a2ca') in 0.000509 seconds
Number of updated asset objects reloaded before import = 0
Number of asset objects unloaded after import = 0
========================================================================
Received Import Request.
  Time since last request: 1.126069 seconds.
  path: Assets/Fallen Tree Barrier - FREE/Models/Log01
  artifactKey: Guid(cb307b90ccb9ee14b97a625cf7a3a8f0) Importer(815301076,1909f56bfc062723c751e8b465ee728b)
Start importing Assets/Fallen Tree Barrier - FREE/Models/Log01 using Guid(cb307b90ccb9ee14b97a625cf7a3a8f0) Importer(815301076,1909f56bfc062723c751e8b465ee728b)  -> (artifact id: '7be52f051919d09f84204534dd464e9a') in 0.000409 seconds
Number of updated asset objects reloaded before import = 0
Number of asset objects unloaded after import = 0
========================================================================
Received Import Request.
  Time since last request: 0.050888 seconds.
  path: Assets/Fallen Tree Barrier - FREE/Models/Log01/Log01.FBX
  artifactKey: Guid(66c41a2a98e978c46af07632276902fd) Importer(815301076,1909f56bfc062723c751e8b465ee728b)
Start importing Assets/Fallen Tree Barrier - FREE/Models/Log01/Log01.FBX using Guid(66c41a2a98e978c46af07632276902fd) Importer(815301076,1909f56bfc062723c751e8b465ee728b)  -> (artifact id: 'afa0df2efdb7d887346a6bbe1c93b24f') in 0.125905 seconds
Number of updated asset objects reloaded before import = 0
Number of asset objects unloaded after import = 21
========================================================================
Received Import Request.
  Time since last request: 5.583299 seconds.
  path: Assets/Fallen Tree Barrier - FREE/Prefabs/Log01.prefab
  artifactKey: Guid(6d63b78216191644fac480e8659cee53) Importer(815301076,1909f56bfc062723c751e8b465ee728b)
Start importing Assets/Fallen Tree Barrier - FREE/Prefabs/Log01.prefab using Guid(6d63b78216191644fac480e8659cee53) Importer(815301076,1909f56bfc062723c751e8b465ee728b)  -> (artifact id: '429f80f53c5d31096bae03a5936f5f9d') in 0.335548 seconds
Number of updated asset objects reloaded before import = 0
Number of asset objects unloaded after import = 43
========================================================================
Received Import Request.
  Time since last request: 114.659750 seconds.
  path: Assets/Decor_House/3D Stylized Сhairs/Mesh/Chair 5.fbx
  artifactKey: Guid(1e2e7b66f2aea5f47925e10568814253) Importer(815301076,1909f56bfc062723c751e8b465ee728b)
Start importing Assets/Decor_House/3D Stylized Сhairs/Mesh/Chair 5.fbx using Guid(1e2e7b66f2aea5f47925e10568814253) Importer(815301076,1909f56bfc062723c751e8b465ee728b)  -> (artifact id: '8d63a1a407ca102f8b3ae431338a4691') in 0.052105 seconds
Number of updated asset objects reloaded before import = 0
Number of asset objects unloaded after import = 10
========================================================================
Received Import Request.
  Time since last request: 176.829641 seconds.
  path: Assets/Scenes/Scenes/Location_4.unity
  artifactKey: Guid(535d2d282de01f544b0d5b37d47ff11d) Importer(815301076,1909f56bfc062723c751e8b465ee728b)
Start importing Assets/Scenes/Scenes/Location_4.unity using Guid(535d2d282de01f544b0d5b37d47ff11d) Importer(815301076,1909f56bfc062723c751e8b465ee728b)  -> (artifact id: '91935ef3d67e3a801a4955acf0d60fc3') in 0.000587 seconds
Number of updated asset objects reloaded before import = 0
Number of asset objects unloaded after import = 0
========================================================================
Received Import Request.
  Time since last request: 463.556492 seconds.
  path: Assets/Office Supplies Low Poly/Assets
  artifactKey: Guid(3152bdf6a5b4d4e03aff4ca2983eaa80) Importer(815301076,1909f56bfc062723c751e8b465ee728b)
Start importing Assets/Office Supplies Low Poly/Assets using Guid(3152bdf6a5b4d4e03aff4ca2983eaa80) Importer(815301076,1909f56bfc062723c751e8b465ee728b)  -> (artifact id: '3b5a0e07f823e4c486a78586fedc22f3') in 0.000488 seconds
Number of updated asset objects reloaded before import = 0
Number of asset objects unloaded after import = 0
========================================================================
Received Import Request.
  Time since last request: 1.103407 seconds.
  path: Assets/Office Supplies Low Poly/Assets/FBX
  artifactKey: Guid(78f997cca79624abdab20d668b85076e) Importer(815301076,1909f56bfc062723c751e8b465ee728b)
Start importing Assets/Office Supplies Low Poly/Assets/FBX using Guid(78f997cca79624abdab20d668b85076e) Importer(815301076,1909f56bfc062723c751e8b465ee728b)  -> (artifact id: '85205bc5e65787f3a826f4576ec6d220') in 0.000382 seconds
Number of updated asset objects reloaded before import = 0
Number of asset objects unloaded after import = 0
========================================================================
Received Import Request.
  Time since last request: 0.225199 seconds.
  path: Assets/Office Supplies Low Poly/Assets/FBX/Calculator.fbx
  artifactKey: Guid(84e1b3127ad7e447088a94c9996a9ce5) Importer(815301076,1909f56bfc062723c751e8b465ee728b)
Start importing Assets/Office Supplies Low Poly/Assets/FBX/Calculator.fbx using Guid(84e1b3127ad7e447088a94c9996a9ce5) Importer(815301076,1909f56bfc062723c751e8b465ee728b)  -> (artifact id: 'adee068c2fe53b38178230bcf8ad7e79') in 0.012124 seconds
Number of updated asset objects reloaded before import = 0
Number of asset objects unloaded after import = 8
========================================================================
Received Import Request.
  Time since last request: 0.000014 seconds.
  path: Assets/Office Supplies Low Poly/Assets/FBX/Scissors red.fbx
  artifactKey: Guid(5daee7d72736f4145840fe9131e50529) Importer(815301076,1909f56bfc062723c751e8b465ee728b)
Start importing Assets/Office Supplies Low Poly/Assets/FBX/Scissors red.fbx using Guid(5daee7d72736f4145840fe9131e50529) Importer(815301076,1909f56bfc062723c751e8b465ee728b)  -> (artifact id: '3541bccfd71979d014238f468af7c33a') in 0.059131 seconds
Number of updated asset objects reloaded before import = 0
Number of asset objects unloaded after import = 15
========================================================================
Received Import Request.
  Time since last request: 0.000022 seconds.
  path: Assets/Office Supplies Low Poly/Assets/FBX/Sticky notes red.fbx
  artifactKey: Guid(25da534d6cf414527ab08bb7c090d56a) Importer(815301076,1909f56bfc062723c751e8b465ee728b)
Start importing Assets/Office Supplies Low Poly/Assets/FBX/Sticky notes red.fbx using Guid(25da534d6cf414527ab08bb7c090d56a) Importer(815301076,1909f56bfc062723c751e8b465ee728b)  -> (artifact id: 'cfda0601a2238e29a0af337b9f9cf2bd') in 0.039133 seconds
Number of updated asset objects reloaded before import = 0
Number of asset objects unloaded after import = 8
========================================================================
Received Import Request.
  Time since last request: 0.000013 seconds.
  path: Assets/Office Supplies Low Poly/Assets/FBX/Scissors yellow.fbx
  artifactKey: Guid(c562592af2b0f46a9b70b72062643dfe) Importer(815301076,1909f56bfc062723c751e8b465ee728b)
Start importing Assets/Office Supplies Low Poly/Assets/FBX/Scissors yellow.fbx using Guid(c562592af2b0f46a9b70b72062643dfe) Importer(815301076,1909f56bfc062723c751e8b465ee728b)  -> (artifact id: '50928beeb69f803442eb52f1a4154a67') in 0.074186 seconds
Number of updated asset objects reloaded before import = 0
Number of asset objects unloaded after import = 15
========================================================================
Received Import Request.
  Time since last request: 0.000012 seconds.
  path: Assets/Office Supplies Low Poly/Assets/FBX/Pen blue.fbx
  artifactKey: Guid(662d199f7e14c4337b2bec39f50c7143) Importer(815301076,1909f56bfc062723c751e8b465ee728b)
Start importing Assets/Office Supplies Low Poly/Assets/FBX/Pen blue.fbx using Guid(662d199f7e14c4337b2bec39f50c7143) Importer(815301076,1909f56bfc062723c751e8b465ee728b)  -> (artifact id: '87947de6de08a3433b183a4f1dd3cb6c') in 0.026323 seconds
Number of updated asset objects reloaded before import = 0
Number of asset objects unloaded after import = 15
========================================================================
Received Import Request.
  Time since last request: 0.000016 seconds.
  path: Assets/Office Supplies Low Poly/Assets/FBX/Pencil yellow.fbx
  artifactKey: Guid(bbfb4cae5000843e8ad8aef0b7d56733) Importer(815301076,1909f56bfc062723c751e8b465ee728b)
Start importing Assets/Office Supplies Low Poly/Assets/FBX/Pencil yellow.fbx using Guid(bbfb4cae5000843e8ad8aef0b7d56733) Importer(815301076,1909f56bfc062723c751e8b465ee728b)  -> (artifact id: '9846200939f0bd51555af474ab06a20f') in 0.008110 seconds
Number of updated asset objects reloaded before import = 0
Number of asset objects unloaded after import = 8
========================================================================
Received Import Request.
  Time since last request: 0.000021 seconds.
  path: Assets/Office Supplies Low Poly/Assets/FBX/Highlighter pen blue.fbx
  artifactKey: Guid(11aaf0f52900e4f70867a6243986ceee) Importer(815301076,1909f56bfc062723c751e8b465ee728b)
Start importing Assets/Office Supplies Low Poly/Assets/FBX/Highlighter pen blue.fbx using Guid(11aaf0f52900e4f70867a6243986ceee) Importer(815301076,1909f56bfc062723c751e8b465ee728b)  -> (artifact id: '8b801624d9e6f9f9891b2063dd3c2991') in 0.021641 seconds
Number of updated asset objects reloaded before import = 0
Number of asset objects unloaded after import = 15
========================================================================
Received Import Request.
  Time since last request: 0.000013 seconds.
  path: Assets/Office Supplies Low Poly/Assets/FBX/Tape dispenser.fbx
  artifactKey: Guid(71ae13275787a4334852437bf1b8ea4d) Importer(815301076,1909f56bfc062723c751e8b465ee728b)
Start importing Assets/Office Supplies Low Poly/Assets/FBX/Tape dispenser.fbx using Guid(71ae13275787a4334852437bf1b8ea4d) Importer(815301076,1909f56bfc062723c751e8b465ee728b)  -> (artifact id: '47d70389ce656ef728d5922ed177e3d8') in 0.022774 seconds
Number of updated asset objects reloaded before import = 0
Number of asset objects unloaded after import = 15
========================================================================
Received Import Request.
  Time since last request: 0.000012 seconds.
  path: Assets/Office Supplies Low Poly/Assets/FBX/Sticky notes yellow.fbx
  artifactKey: Guid(86dfb93f3730448fd8ccd5078d44fb7b) Importer(815301076,1909f56bfc062723c751e8b465ee728b)
Start importing Assets/Office Supplies Low Poly/Assets/FBX/Sticky notes yellow.fbx using Guid(86dfb93f3730448fd8ccd5078d44fb7b) Importer(815301076,1909f56bfc062723c751e8b465ee728b)  -> (artifact id: '5373ad30924b0312ca3f8e91ca9c48b4') in 0.010437 seconds
Number of updated asset objects reloaded before import = 0
Number of asset objects unloaded after import = 8
========================================================================
Received Import Request.
  Time since last request: 0.000015 seconds.
  path: Assets/Office Supplies Low Poly/Assets/FBX/Highlighter pen pink.fbx
  artifactKey: Guid(db4969af4a0f74eb88e7d5a78931f5d2) Importer(815301076,1909f56bfc062723c751e8b465ee728b)
Start importing Assets/Office Supplies Low Poly/Assets/FBX/Highlighter pen pink.fbx using Guid(db4969af4a0f74eb88e7d5a78931f5d2) Importer(815301076,1909f56bfc062723c751e8b465ee728b)  -> (artifact id: 'f25e2e9b58e889a3daeee81bc00ba4b0') in 0.028525 seconds
Number of updated asset objects reloaded before import = 0
Number of asset objects unloaded after import = 15
========================================================================
Received Import Request.
  Time since last request: 0.000018 seconds.
  path: Assets/Office Supplies Low Poly/Assets/FBX/Pen black.fbx
  artifactKey: Guid(96c2da0d922d84461abee65d60dfdd46) Importer(815301076,1909f56bfc062723c751e8b465ee728b)
Start importing Assets/Office Supplies Low Poly/Assets/FBX/Pen black.fbx using Guid(96c2da0d922d84461abee65d60dfdd46) Importer(815301076,1909f56bfc062723c751e8b465ee728b)  -> (artifact id: '9acd7b65f16f872f455d89ba4888075d') in 0.022299 seconds
Number of updated asset objects reloaded before import = 0
Number of asset objects unloaded after import = 15
========================================================================
Received Import Request.
  Time since last request: 0.000024 seconds.
  path: Assets/Office Supplies Low Poly/Assets/FBX/Stapler black.fbx
  artifactKey: Guid(381f9e7e11c4f47a397786a4397d6b15) Importer(815301076,1909f56bfc062723c751e8b465ee728b)
Start importing Assets/Office Supplies Low Poly/Assets/FBX/Stapler black.fbx using Guid(381f9e7e11c4f47a397786a4397d6b15) Importer(815301076,1909f56bfc062723c751e8b465ee728b)  -> (artifact id: '2d7d169b4e5cc1ec9952da9a8c435cdc') in 0.010631 seconds
Number of updated asset objects reloaded before import = 0
Number of asset objects unloaded after import = 8
========================================================================
Received Import Request.
  Time since last request: 0.000014 seconds.
  path: Assets/Office Supplies Low Poly/Assets/FBX/Scissors blue.fbx
  artifactKey: Guid(c20e74ebfc5bf4fe585c8321d66a92bc) Importer(815301076,1909f56bfc062723c751e8b465ee728b)
Start importing Assets/Office Supplies Low Poly/Assets/FBX/Scissors blue.fbx using Guid(c20e74ebfc5bf4fe585c8321d66a92bc) Importer(815301076,1909f56bfc062723c751e8b465ee728b)  -> (artifact id: '2cd16f8e8dc8f9ed31e99363f2629859') in 0.024885 seconds
Number of updated asset objects reloaded before import = 0
Number of asset objects unloaded after import = 15
========================================================================
Received Import Request.
  Time since last request: 7.175828 seconds.
  path: Assets/Office Supplies Low Poly/Assets/Prefabs/Eraser.prefab
  artifactKey: Guid(87332db484d7e492aa5fa22bea62c7ae) Importer(815301076,1909f56bfc062723c751e8b465ee728b)
Start importing Assets/Office Supplies Low Poly/Assets/Prefabs/Eraser.prefab using Guid(87332db484d7e492aa5fa22bea62c7ae) Importer(815301076,1909f56bfc062723c751e8b465ee728b)  -> (artifact id: '8f5c5350697eac09e3deeda46be15d44') in 0.009023 seconds
Number of updated asset objects reloaded before import = 0
Number of asset objects unloaded after import = 9
========================================================================
Received Import Request.
  Time since last request: 0.000015 seconds.
  path: Assets/Office Supplies Low Poly/Assets/Prefabs/Hole_punch.prefab
  artifactKey: Guid(8ed98682b80ff42ab98f07d7972ad00f) Importer(815301076,1909f56bfc062723c751e8b465ee728b)
Start importing Assets/Office Supplies Low Poly/Assets/Prefabs/Hole_punch.prefab using Guid(8ed98682b80ff42ab98f07d7972ad00f) Importer(815301076,1909f56bfc062723c751e8b465ee728b)  -> (artifact id: '360343606af8aa8e7d508cf1558f37b7') in 0.006446 seconds
Number of updated asset objects reloaded before import = 0
Number of asset objects unloaded after import = 9
========================================================================
Received Import Request.
  Time since last request: 0.000013 seconds.
  path: Assets/Office Supplies Low Poly/Assets/Prefabs/Pen red.prefab
  artifactKey: Guid(3776143458c1e4611ab6519e2a3538a8) Importer(815301076,1909f56bfc062723c751e8b465ee728b)
Start importing Assets/Office Supplies Low Poly/Assets/Prefabs/Pen red.prefab using Guid(3776143458c1e4611ab6519e2a3538a8) Importer(815301076,1909f56bfc062723c751e8b465ee728b)  -> (artifact id: '95b5070698ec53416d53f78dd368fdf1') in 0.015162 seconds
Number of updated asset objects reloaded before import = 0
Number of asset objects unloaded after import = 16
========================================================================
Received Import Request.
  Time since last request: 0.000010 seconds.
  path: Assets/Office Supplies Low Poly/Assets/Prefabs/Pencil red.prefab
  artifactKey: Guid(c9839eba1bd794ae68f9cfae147fd22d) Importer(815301076,1909f56bfc062723c751e8b465ee728b)
Start importing Assets/Office Supplies Low Poly/Assets/Prefabs/Pencil red.prefab using Guid(c9839eba1bd794ae68f9cfae147fd22d) Importer(815301076,1909f56bfc062723c751e8b465ee728b)  -> (artifact id: 'dee2770cfb37f713fe69ac480697bb71') in 0.057803 seconds
Number of updated asset objects reloaded before import = 0
Number of asset objects unloaded after import = 9
========================================================================
Received Import Request.
  Time since last request: 0.000013 seconds.
  path: Assets/Office Supplies Low Poly/Assets/Prefabs/Pencil blue.prefab
  artifactKey: Guid(9d603110bebfd4657bc65bc0333c01b2) Importer(815301076,1909f56bfc062723c751e8b465ee728b)
Start importing Assets/Office Supplies Low Poly/Assets/Prefabs/Pencil blue.prefab using Guid(9d603110bebfd4657bc65bc0333c01b2) Importer(815301076,1909f56bfc062723c751e8b465ee728b)  -> (artifact id: 'e5bde8090bec127876089c214d24993d') in 0.007113 seconds
Number of updated asset objects reloaded before import = 0
Number of asset objects unloaded after import = 9
========================================================================
Received Import Request.
  Time since last request: 0.000012 seconds.
  path: Assets/Office Supplies Low Poly/Assets/Prefabs/Pencil black.prefab
  artifactKey: Guid(9de55d3d054694bd884723a80b836955) Importer(815301076,1909f56bfc062723c751e8b465ee728b)
Start importing Assets/Office Supplies Low Poly/Assets/Prefabs/Pencil black.prefab using Guid(9de55d3d054694bd884723a80b836955) Importer(815301076,1909f56bfc062723c751e8b465ee728b)  -> (artifact id: 'b9d7083548eb440f6d9a133393ff4e3f') in 0.043091 seconds
Number of updated asset objects reloaded before import = 0
Number of asset objects unloaded after import = 9
========================================================================
Received Import Request.
  Time since last request: 0.000015 seconds.
  path: Assets/Office Supplies Low Poly/Assets/Prefabs/Pencil yellow.prefab
  artifactKey: Guid(680cc712cb55643a38fb5bec71bcc683) Importer(815301076,1909f56bfc062723c751e8b465ee728b)
Start importing Assets/Office Supplies Low Poly/Assets/Prefabs/Pencil yellow.prefab using Guid(680cc712cb55643a38fb5bec71bcc683) Importer(815301076,1909f56bfc062723c751e8b465ee728b)  -> (artifact id: 'c5be66676db5caa6fcbe7f38dec2d0a9') in 0.010909 seconds
Number of updated asset objects reloaded before import = 0
Number of asset objects unloaded after import = 9
========================================================================
Received Import Request.
  Time since last request: 0.000020 seconds.
  path: Assets/Office Supplies Low Poly/Assets/Prefabs/Stapler_red.prefab
  artifactKey: Guid(4f79713dbf78d4b868f908ddef942c1a) Importer(815301076,1909f56bfc062723c751e8b465ee728b)
Start importing Assets/Office Supplies Low Poly/Assets/Prefabs/Stapler_red.prefab using Guid(4f79713dbf78d4b868f908ddef942c1a) Importer(815301076,1909f56bfc062723c751e8b465ee728b)  -> (artifact id: 'a220e1c2f27ad3912419653130a2bf4b') in 0.038320 seconds
Number of updated asset objects reloaded before import = 0
Number of asset objects unloaded after import = 9
========================================================================
Received Import Request.
  Time since last request: 0.000012 seconds.
  path: Assets/Office Supplies Low Poly/Assets/Prefabs/Pen green.prefab
  artifactKey: Guid(9df42cb7f53414f2fb812616ffe019e4) Importer(815301076,1909f56bfc062723c751e8b465ee728b)
Start importing Assets/Office Supplies Low Poly/Assets/Prefabs/Pen green.prefab using Guid(9df42cb7f53414f2fb812616ffe019e4) Importer(815301076,1909f56bfc062723c751e8b465ee728b)  -> (artifact id: '7912c84e752585b9b30a977369822ba5') in 0.007299 seconds
Number of updated asset objects reloaded before import = 0
Number of asset objects unloaded after import = 16
========================================================================
Received Import Request.
  Time since last request: 0.000013 seconds.
  path: Assets/Office Supplies Low Poly/Assets/Prefabs/Highlighter pen pink.prefab
  artifactKey: Guid(6668c50ebd12547d9a9d689bd28fd624) Importer(815301076,1909f56bfc062723c751e8b465ee728b)
Start importing Assets/Office Supplies Low Poly/Assets/Prefabs/Highlighter pen pink.prefab using Guid(6668c50ebd12547d9a9d689bd28fd624) Importer(815301076,1909f56bfc062723c751e8b465ee728b)  -> (artifact id: '8c8e2cb79af309e90afe4ebf110cbf15') in 0.008808 seconds
Number of updated asset objects reloaded before import = 0
Number of asset objects unloaded after import = 16
========================================================================
Received Import Request.
  Time since last request: 0.000012 seconds.
  path: Assets/Office Supplies Low Poly/Assets/Prefabs/Stapler_black.prefab
  artifactKey: Guid(ce9628987a2d9417ab8fef64fa34b9a0) Importer(815301076,1909f56bfc062723c751e8b465ee728b)
Start importing Assets/Office Supplies Low Poly/Assets/Prefabs/Stapler_black.prefab using Guid(ce9628987a2d9417ab8fef64fa34b9a0) Importer(815301076,1909f56bfc062723c751e8b465ee728b)  -> (artifact id: '3032fa59d40fa593a080831e2c74c06b') in 0.001332 seconds
Number of updated asset objects reloaded before import = 0
Number of asset objects unloaded after import = 6
========================================================================
Received Import Request.
  Time since last request: 0.000013 seconds.
  path: Assets/Office Supplies Low Poly/Assets/Prefabs/Scissors_blue.prefab
  artifactKey: Guid(10d090d82c7a242b7878c8b0681d9f52) Importer(815301076,1909f56bfc062723c751e8b465ee728b)
Start importing Assets/Office Supplies Low Poly/Assets/Prefabs/Scissors_blue.prefab using Guid(10d090d82c7a242b7878c8b0681d9f52) Importer(815301076,1909f56bfc062723c751e8b465ee728b)  -> (artifact id: 'acb62c8c16ebe8beafcf0973c400ea34') in 0.027836 seconds
Number of updated asset objects reloaded before import = 0
Number of asset objects unloaded after import = 16
